screen size: 320 200
Joystick info: naxis = 4 has_z = 1, has_r = 1, has_pov = 1
Initing wvga
Initing edge bounds
Initing z buffer
256000 bytes allocated for zbuffer
Initing Port_3d
Port_3D::initPort3D
Initing font
Reading textures
Reading Scenarios File sabrewin.sns
Loaded sound id "F-86" from .\lib\wav\f-86.wav
Loaded sound id "F-84" from .\lib\wav\f-86.wav
Loaded sound id "F-51" from .\lib\wav\p-51.wav
Loaded sound id "HVAR" from .\lib\wav\hvar.wav
Loaded sound id "M43" from .\lib\wav\m43.wav
Loaded sound id "MiG-15" from .\lib\wav\mig-15.wav
Loaded sound id "50CAL" from .\lib\wav\50cal.wav
Loaded sound id "20MM" from .\lib\wav\20mm.wav
Loaded sound id "Yak-9" from .\lib\wav\yak-9.wav
Loaded sound id "ghitme" from .\lib\wav\hitme.wav
Loaded sound id "gexpl0" from .\lib\wav\explt.wav
Loaded sound id "gexpl1" from .\lib\wav\expmd.wav
Loaded sound id "gexpl2" from .\lib\wav\exphv.wav
Loaded sound id "gwind" from .\lib\wav\wind.wav
Loaded sound id "60MMexpl" from .\lib\wav\explt.wav
Loaded sound id "HVARexpl" from .\lib\wav\expmd.wav
Loaded sound id "M43expl" from .\lib\wav\exphv.wav
Loaded sound id "gintro" from .\lib\wav\t2theme.wav
Loaded sound id "ggear" from .\lib\wav\lgear.wav
Loaded sound id "gcrashburn" from .\lib\wav\exphv.wav
Loaded sound id "gscreech" from .\lib\wav\screech.wav
Loaded sound id "takingfire" from .\lib\wav\takefire.wav
Loaded sound id "gunsguns" from .\lib\wav\gunsguns.wav
Loaded sound id "heavydamage" from .\lib\wav\hvydmg.wav
Loaded sound id "eject" from .\lib\wav\eject.wav
Loaded sound id "takingflak" from .\lib\wav\takeflak.wav
Loaded sound id "F-51engage" from .\lib\wav\engf51.wav
Loaded sound id "F-84engage" from .\lib\wav\engf84.wav
Loaded sound id "F-86engage" from .\lib\wav\engf86.wav
Loaded sound id "MiG-15engage" from .\lib\wav\engmg15.wav
Loaded sound id "Yak-9engage" from .\lib\wav\engyk9.wav
Loaded sound id "F-51kill" from .\lib\wav\killf51.wav
Loaded sound id "F-84kill" from .\lib\wav\killf84.wav
Loaded sound id "F-86kill" from .\lib\wav\killf86.wav
Loaded sound id "MiG-15kill" from .\lib\wav\killmg15.wav
Loaded sound id "Yak-9kill" from .\lib\wav\killyk9.wav
Loaded sound id "F-51auger" from .\lib\wav\augf51.wav
Loaded sound id "F-84auger" from .\lib\wav\augf84.wav
Loaded sound id "F-86auger" from .\lib\wav\augf86.wav
Loaded sound id "MiG-15auger" from .\lib\wav\augmg15.wav
Loaded sound id "Yak-9auger" from .\lib\wav\augyk9.wav
Loaded sound id "12.7MM" from .\lib\wav\12.7mm.wav
Loaded sound id "23MM" from .\lib\wav\23mm.wav
Loaded sound id "37MM" from .\lib\wav\37mm.wav
reading world file a.wld
ws: 0.03000 tf: 0.0000010 hs: 1.00000 mt: 0.10000  sl: 0.60000
Reading terrain info
Reading 256 terrain shapes
Reading static object definitions
Reading static object instances
reading flight info furball.flt
320 textures
256 terrain shapes
6 static shape definitions
17 static shape objects
5 dynamic shape definitions
24 flights
4 ground units
sound error: SOUND_ERROR_VOL
sound error: SOUND_ERROR_FREQ
sound error: SOUND_ERROR_FREQ
sound error: SOUND_ERROR_FREQ
sound error: SOUND_ERROR_FREQ
sound error: SOUND_ERROR_FREQ
sound error: SOUND_ERROR_FREQ
sound error: SOUND_ERROR_FREQ
sound error: SOUND_ERROR_FREQ
sound error: SOUND_ERROR_FREQ
sound error: SOUND_ERROR_FREQ
sound error: SOUND_ERROR_FREQ
sound error: SOUND_ERROR_FREQ
sound error: SOUND_ERROR_FREQ
sound error: SOUND_ERROR_FREQ
sound error: SOUND_ERROR_FREQ
sound error: SOUND_ERROR_FREQ
sound error: SOUND_ERROR_FREQ
sound error: SOUND_ERROR_FREQ
sound error: SOUND_ERROR_FREQ
sound error: SOUND_ERROR_FREQ
sound error: SOUND_ERROR_FREQ
sound error: SOUND_ERROR_FREQ
sound error: SOUND_ERROR_FREQ
sound error: SOUND_ERROR_FREQ
sound error: SOUND_ERROR_FREQ
sound error: SOUND_ERROR_FREQ
sound error: SOUND_ERROR_FREQ
sound error: SOUND_ERROR_FREQ
sound error: SOUND_ERROR_FREQ
sound error: SOUND_ERROR_FREQ
sound error: SOUND_ERROR_FREQ
sound error: SOUND_ERROR_FREQ
sound error: SOUND_ERROR_FREQ
sound error: SOUND_ERROR_FREQ
sound error: SOUND_ERROR_FREQ
sound error: SOUND_ERROR_FREQ
sound error: SOUND_ERROR_FREQ
sound error: SOUND_ERROR_FREQ
sound error: SOUND_ERROR_FREQ
sound error: SOUND_ERROR_FREQ
sound error: SOUND_ERROR_FREQ
sound error: SOUND_ERROR_FREQ
sound error: SOUND_ERROR_FREQ
sound error: SOUND_ERROR_FREQ
sound error: SOUND_ERROR_FREQ
sound error: SOUND_ERROR_FREQ
sound error: SOUND_ERROR_FREQ
sound error: SOUND_ERROR_FREQ
sound error: SOUND_ERROR_FREQ
sound error: SOUND_ERROR_FREQ
sound error: SOUND_ERROR_FREQ
sound error: SOUND_ERROR_FREQ
sound error: SOUND_ERROR_FREQ
sound error: SOUND_ERROR_FREQ
sound error: SOUND_ERROR_FREQ
sound error: SOUND_ERROR_FREQ
sound error: SOUND_ERROR_FREQ
sound error: SOUND_ERROR_FREQ
sound error: SOUND_ERROR_FREQ
sound error: SOUND_ERROR_FREQ
sound error: SOUND_ERROR_FREQ
sound error: SOUND_ERROR_FREQ
sound error: SOUND_ERROR_FREQ
sound error: SOUND_ERROR_FREQ
sound error: SOUND_ERROR_FREQ
sound error: SOUND_ERROR_FREQ
sound error: SOUND_ERROR_FREQ
sound error: SOUND_ERROR_FREQ
sound error: SOUND_ERROR_FREQ
sound error: SOUND_ERROR_FREQ
sound error: SOUND_ERROR_FREQ
sound error: SOUND_ERROR_FREQ
sound error: SOUND_ERROR_FREQ
sound error: SOUND_ERROR_FREQ
sound error: SOUND_ERROR_FREQ
sound error: SOUND_ERROR_FREQ
sound error: SOUND_ERROR_FREQ
sound error: SOUND_ERROR_FREQ
sound error: SOUND_ERROR_FREQ
sound error: SOUND_ERROR_FREQ
sound error: SOUND_ERROR_FREQ
sound error: SOUND_ERROR_FREQ
sound error: SOUND_ERROR_FREQ
sound error: SOUND_ERROR_FREQ
sound error: SOUND_ERROR_FREQ
sound error: SOUND_ERROR_FREQ
sound error: SOUND_ERROR_FREQ
sound error: SOUND_ERROR_FREQ
sound error: SOUND_ERROR_FREQ
sound error: SOUND_ERROR_FREQ
sound error: SOUND_ERROR_FREQ
sound error: SOUND_ERROR_FREQ
sound error: SOUND_ERROR_FREQ
sound error: SOUND_ERROR_FREQ
sound error: SOUND_ERROR_FREQ
sound error: SOUND_ERROR_FREQ
sound error: SOUND_ERROR_FREQ
sound error: SOUND_ERROR_FREQ
sound error: SOUND_ERROR_FREQ
sound error: SOUND_ERROR_FREQ
sound error: SOUND_ERROR_FREQ
sound error: SOUND_ERROR_FREQ
sound error: SOUND_ERROR_FREQ
sound error: SOUND_ERROR_FREQ
sound error: SOUND_ERROR_FREQ
sound error: SOUND_ERROR_FREQ
sound error: SOUND_ERROR_FREQ
sound error: SOUND_ERROR_FREQ
sound error: SOUND_ERROR_FREQ
sound error: SOUND_ERROR_FREQ
sound error: SOUND_ERROR_FREQ
sound error: SOUND_ERROR_FREQ
sound error: SOUND_ERROR_FREQ
sound error: SOUND_ERROR_FREQ
sound error: SOUND_ERROR_FREQ
sound error: SOUND_ERROR_FREQ
sound error: SOUND_ERROR_FREQ
sound error: SOUND_ERROR_FREQ
sound error: SOUND_ERROR_FREQ
sound error: SOUND_ERROR_FREQ
sound error: SOUND_ERROR_FREQ
sound error: SOUND_ERROR_FREQ
sound error: SOUND_ERROR_FREQ
sound error: SOUND_ERROR_FREQ
sound error: SOUND_ERROR_FREQ
sound error: SOUND_ERROR_FREQ
sound error: SOUND_ERROR_FREQ
sound error: SOUND_ERROR_FREQ
sound error: SOUND_ERROR_FREQ
sound error: SOUND_ERROR_FREQ
sound error: SOUND_ERROR_FREQ
sound error: SOUND_ERROR_FREQ
sound error: SOUND_ERROR_FREQ
sound error: SOUND_ERROR_FREQ
sound error: SOUND_ERROR_FREQ
sound error: SOUND_ERROR_FREQ
sound error: SOUND_ERROR_FREQ
sound error: SOUND_ERROR_FREQ
sound error: SOUND_ERROR_FREQ
sound error: SOUND_ERROR_FREQ
sound error: SOUND_ERROR_FREQ
sound error: SOUND_ERROR_FREQ
sound error: SOUND_ERROR_FREQ
sound error: SOUND_ERROR_FREQ
sound error: SOUND_ERROR_FREQ
sound error: SOUND_ERROR_FREQ
sound error: SOUND_ERROR_FREQ
sound error: SOUND_ERROR_FREQ
sound error: SOUND_ERROR_FREQ
sound error: SOUND_ERROR_FREQ
sound error: SOUND_ERROR_FREQ
sound error: SOUND_ERROR_FREQ
sound error: SOUND_ERROR_FREQ
sound error: SOUND_ERROR_FREQ
sound error: SOUND_ERROR_FREQ
sound error: SOUND_ERROR_FREQ
sound error: SOUND_ERROR_FREQ
sound error: SOUND_ERROR_FREQ
sound error: SOUND_ERROR_FREQ
sound error: SOUND_ERROR_FREQ
sound error: SOUND_ERROR_FREQ
sound error: SOUND_ERROR_FREQ
sound error: SOUND_ERROR_FREQ
sound error: SOUND_ERROR_FREQ
sound error: SOUND_ERROR_FREQ
sound error: SOUND_ERROR_FREQ
sound error: SOUND_ERROR_FREQ
sound error: SOUND_ERROR_FREQ
sound error: SOUND_ERROR_FREQ
sound error: SOUND_ERROR_FREQ
sound error: SOUND_ERROR_FREQ
sound error: SOUND_ERROR_FREQ
sound error: SOUND_ERROR_FREQ
sound error: SOUND_ERROR_FREQ
sound error: SOUND_ERROR_FREQ
sound error: SOUND_ERROR_FREQ
sound error: SOUND_ERROR_FREQ
sound error: SOUND_ERROR_FREQ
sound error: SOUND_ERROR_FREQ
sound error: SOUND_ERROR_FREQ
sound error: SOUND_ERROR_FREQ
sound error: SOUND_ERROR_FREQ
sound error: SOUND_ERROR_FREQ
sound error: SOUND_ERROR_FREQ
sound error: SOUND_ERROR_FREQ
sound error: SOUND_ERROR_FREQ
sound error: SOUND_ERROR_FREQ
sound error: SOUND_ERROR_FREQ
sound error: SOUND_ERROR_FREQ
sound error: SOUND_ERROR_FREQ
sound error: SOUND_ERROR_FREQ
sound error: SOUND_ERROR_FREQ
sound error: SOUND_ERROR_FREQ
sound error: SOUND_ERROR_FREQ
sound error: SOUND_ERROR_FREQ
sound error: SOUND_ERROR_FREQ
sound error: SOUND_ERROR_FREQ
sound error: SOUND_ERROR_FREQ
sound error: SOUND_ERROR_FREQ
sound error: SOUND_ERROR_FREQ
sound error: SOUND_ERROR_FREQ
sound error: SOUND_ERROR_FREQ
sound error: SOUND_ERROR_FREQ
sound error: SOUND_ERROR_FREQ
sound error: SOUND_ERROR_FREQ
sound error: SOUND_ERROR_FREQ
sound error: SOUND_ERROR_FREQ
sound error: SOUND_ERROR_FREQ
sound error: SOUND_ERROR_FREQ
sound error: SOUND_ERROR_FREQ
sound error: SOUND_ERROR_FREQ
sound error: SOUND_ERROR_FREQ
sound error: SOUND_ERROR_FREQ
sound error: SOUND_ERROR_FREQ
sound error: SOUND_ERROR_FREQ
sound error: SOUND_ERROR_FREQ
sound error: SOUND_ERROR_FREQ
sound error: SOUND_ERROR_FREQ
sound error: SOUND_ERROR_FREQ
sound error: SOUND_ERROR_FREQ
sound error: SOUND_ERROR_FREQ
sound error: SOUND_ERROR_FREQ
sound error: SOUND_ERROR_FREQ
sound error: SOUND_ERROR_FREQ
sound error: SOUND_ERROR_FREQ
sound error: SOUND_ERROR_FREQ
sound error: SOUND_ERROR_FREQ
sound error: SOUND_ERROR_FREQ
sound error: SOUND_ERROR_FREQ
sound error: SOUND_ERROR_FREQ
sound error: SOUND_ERROR_FREQ
sound error: SOUND_ERROR_FREQ
sound error: SOUND_ERROR_FREQ
sound error: SOUND_ERROR_FREQ
sound error: SOUND_ERROR_FREQ
sound error: SOUND_ERROR_FREQ
sound error: SOUND_ERROR_FREQ
sound error: SOUND_ERROR_FREQ
sound error: SOUND_ERROR_FREQ
sound error: SOUND_ERROR_FREQ
sound error: SOUND_ERROR_FREQ
sound error: SOUND_ERROR_FREQ
sound error: SOUND_ERROR_FREQ
sound error: SOUND_ERROR_FREQ
sound error: SOUND_ERROR_FREQ
sound error: SOUND_ERROR_FREQ
sound error: SOUND_ERROR_FREQ
sound error: SOUND_ERROR_FREQ
sound error: SOUND_ERROR_FREQ
sound error: SOUND_ERROR_FREQ
sound error: SOUND_ERROR_FREQ
sound error: SOUND_ERROR_FREQ
sound error: SOUND_ERROR_FREQ
sound error: SOUND_ERROR_FREQ
sound error: SOUND_ERROR_FREQ
sound error: SOUND_ERROR_FREQ
sound error: SOUND_ERROR_FREQ
sound error: SOUND_ERROR_FREQ
sound error: SOUND_ERROR_FREQ
sound error: SOUND_ERROR_FREQ
sound error: SOUND_ERROR_FREQ
sound error: SOUND_ERROR_FREQ
sound error: SOUND_ERROR_FREQ
sound error: SOUND_ERROR_FREQ
sound error: SOUND_ERROR_FREQ
sound error: SOUND_ERROR_FREQ
sound error: SOUND_ERROR_FREQ
sound error: SOUND_ERROR_FREQ
sound error: SOUND_ERROR_FREQ
sound error: SOUND_ERROR_FREQ
sound error: SOUND_ERROR_FREQ
sound error: SOUND_ERROR_FREQ
sound error: SOUND_ERROR_FREQ
sound error: SOUND_ERROR_FREQ
sound error: SOUND_ERROR_FREQ
sound error: SOUND_ERROR_FREQ
sound error: SOUND_ERROR_FREQ
sound error: SOUND_ERROR_FREQ
sound error: SOUND_ERROR_FREQ
sound error: SOUND_ERROR_FREQ
sound error: SOUND_ERROR_FREQ
sound error: SOUND_ERROR_FREQ
sound error: SOUND_ERROR_FREQ
sound error: SOUND_ERROR_FREQ
sound error: SOUND_ERROR_FREQ
sound error: SOUND_ERROR_FREQ
sound error: SOUND_ERROR_FREQ
sound error: SOUND_ERROR_FREQ
sound error: SOUND_ERROR_FREQ
sound error: SOUND_ERROR_FREQ
sound error: SOUND_ERROR_FREQ
sound error: SOUND_ERROR_FREQ
sound error: SOUND_ERROR_FREQ
sound error: SOUND_ERROR_FREQ
sound error: SOUND_ERROR_FREQ
sound error: SOUND_ERROR_FREQ
sound error: SOUND_ERROR_FREQ
sound error: SOUND_ERROR_FREQ
sound error: SOUND_ERROR_FREQ
sound error: SOUND_ERROR_FREQ
sound error: SOUND_ERROR_FREQ
sound error: SOUND_ERROR_FREQ
sound error: SOUND_ERROR_FREQ
sound error: SOUND_ERROR_FREQ
sound error: SOUND_ERROR_FREQ
sound error: SOUND_ERROR_FREQ
sound error: SOUND_ERROR_FREQ
sound error: SOUND_ERROR_FREQ
sound error: SOUND_ERROR_FREQ
sound error: SOUND_ERROR_FREQ
sound error: SOUND_ERROR_FREQ
sound error: SOUND_ERROR_FREQ
sound error: SOUND_ERROR_FREQ
sound error: SOUND_ERROR_FREQ
sound error: SOUND_ERROR_FREQ
sound error: SOUND_ERROR_FREQ
sound error: SOUND_ERROR_FREQ
sound error: SOUND_ERROR_FREQ
sound error: SOUND_ERROR_FREQ
sound error: SOUND_ERROR_FREQ
sound error: SOUND_ERROR_FREQ
sound error: SOUND_ERROR_FREQ
sound error: SOUND_ERROR_FREQ
sound error: SOUND_ERROR_FREQ
sound error: SOUND_ERROR_FREQ
sound error: SOUND_ERROR_FREQ
sound error: SOUND_ERROR_FREQ
sound error: SOUND_ERROR_FREQ
sound error: SOUND_ERROR_FREQ
sound error: SOUND_ERROR_FREQ
sound error: SOUND_ERROR_FREQ
sound error: SOUND_ERROR_FREQ
sound error: SOUND_ERROR_FREQ
sound error: SOUND_ERROR_FREQ
sound error: SOUND_ERROR_FREQ
sound error: SOUND_ERROR_FREQ
sound error: SOUND_ERROR_FREQ
sound error: SOUND_ERROR_FREQ
sound error: SOUND_ERROR_FREQ
sound error: SOUND_ERROR_FREQ
sound error: SOUND_ERROR_FREQ
sound error: SOUND_ERROR_FREQ
sound error: SOUND_ERROR_FREQ
sound error: SOUND_ERROR_FREQ
sound error: SOUND_ERROR_FREQ
sound error: SOUND_ERROR_FREQ
sound error: SOUND_ERROR_FREQ
sound error: SOUND_ERROR_FREQ
sound error: SOUND_ERROR_FREQ
sound error: SOUND_ERROR_FREQ
sound error: SOUND_ERROR_FREQ
sound error: SOUND_ERROR_FREQ
sound error: SOUND_ERROR_FREQ
sound error: SOUND_ERROR_FREQ
sound error: SOUND_ERROR_FREQ
sound error: SOUND_ERROR_FREQ
sound error: SOUND_ERROR_FREQ
sound error: SOUND_ERROR_FREQ
sound error: SOUND_ERROR_FREQ
sound error: SOUND_ERROR_FREQ
sound error: SOUND_ERROR_FREQ
sound error: SOUND_ERROR_FREQ
sound error: SOUND_ERROR_FREQ
sound error: SOUND_ERROR_FREQ
sound error: SOUND_ERROR_FREQ
sound error: SOUND_ERROR_FREQ
sound error: SOUND_ERROR_FREQ
sound error: SOUND_ERROR_FREQ
sound error: SOUND_ERROR_FREQ
sound error: SOUND_ERROR_FREQ
sound error: SOUND_ERROR_FREQ
sound error: SOUND_ERROR_FREQ
sound error: SOUND_ERROR_FREQ
sound error: SOUND_ERROR_FREQ
sound error: SOUND_ERROR_FREQ
sound error: SOUND_ERROR_FREQ
sound error: SOUND_ERROR_FREQ
sound error: SOUND_ERROR_FREQ
sound error: SOUND_ERROR_FREQ
sound error: SOUND_ERROR_FREQ
sound error: SOUND_ERROR_FREQ
sound error: SOUND_ERROR_FREQ
sound error: SOUND_ERROR_FREQ
sound error: SOUND_ERROR_FREQ
sound error: SOUND_ERROR_FREQ
sound error: SOUND_ERROR_FREQ
sound error: SOUND_ERROR_FREQ
sound error: SOUND_ERROR_FREQ
sound error: SOUND_ERROR_FREQ
sound error: SOUND_ERROR_FREQ
sound error: SOUND_ERROR_FREQ
sound error: SOUND_ERROR_FREQ
sound error: SOUND_ERROR_FREQ
sound error: SOUND_ERROR_FREQ
sound error: SOUND_ERROR_FREQ
sound error: SOUND_ERROR_FREQ
sound error: SOUND_ERROR_FREQ
sound error: SOUND_ERROR_FREQ
sound error: SOUND_ERROR_FREQ
sound error: SOUND_ERROR_FREQ
sound error: SOUND_ERROR_FREQ
sound error: SOUND_ERROR_FREQ
sound error: SOUND_ERROR_FREQ
sound error: SOUND_ERROR_FREQ
sound error: SOUND_ERROR_FREQ
sound error: SOUND_ERROR_FREQ
sound error: SOUND_ERROR_FREQ
sound error: SOUND_ERROR_FREQ
sound error: SOUND_ERROR_FREQ
sound error: SOUND_ERROR_FREQ
sound error: SOUND_ERROR_FREQ
sound error: SOUND_ERROR_FREQ
sound error: SOUND_ERROR_FREQ
sound error: SOUND_ERROR_FREQ
sound error: SOUND_ERROR_FREQ
sound error: SOUND_ERROR_FREQ
sound error: SOUND_ERROR_FREQ
sound error: SOUND_ERROR_FREQ
sound error: SOUND_ERROR_FREQ
sound error: SOUND_ERROR_FREQ
sound error: SOUND_ERROR_FREQ
sound error: SOUND_ERROR_FREQ
sound error: SOUND_ERROR_FREQ
sound error: SOUND_ERROR_FREQ
sound error: SOUND_ERROR_FREQ
sound error: SOUND_ERROR_FREQ
sound error: SOUND_ERROR_FREQ
sound error: SOUND_ERROR_FREQ
sound error: SOUND_ERROR_FREQ
sound error: SOUND_ERROR_FREQ
sound error: SOUND_ERROR_FREQ
sound error: SOUND_ERROR_FREQ
sound error: SOUND_ERROR_FREQ
sound error: SOUND_ERROR_FREQ
sound error: SOUND_ERROR_FREQ
sound error: SOUND_ERROR_FREQ
sound error: SOUND_ERROR_FREQ
sound error: SOUND_ERROR_FREQ
sound error: SOUND_ERROR_FREQ
sound error: SOUND_ERROR_FREQ
sound error: SOUND_ERROR_FREQ
sound error: SOUND_ERROR_FREQ
sound error: SOUND_ERROR_FREQ
sound error: SOUND_ERROR_FREQ
sound error: SOUND_ERROR_FREQ
sound error: SOUND_ERROR_FREQ
sound error: SOUND_ERROR_FREQ
sound error: SOUND_ERROR_FREQ
sound error: SOUND_ERROR_FREQ
sound error: SOUND_ERROR_FREQ
sound error: SOUND_ERROR_FREQ
sound error: SOUND_ERROR_FREQ
sound error: SOUND_ERROR_FREQ
sound error: SOUND_ERROR_FREQ
sound error: SOUND_ERROR_FREQ
sound error: SOUND_ERROR_FREQ
sound error: SOUND_ERROR_FREQ
sound error: SOUND_ERROR_FREQ
sound error: SOUND_ERROR_FREQ
sound error: SOUND_ERROR_FREQ
sound error: SOUND_ERROR_FREQ
sound error: SOUND_ERROR_FREQ
sound error: SOUND_ERROR_FREQ
sound error: SOUND_ERROR_FREQ
sound error: SOUND_ERROR_FREQ
sound error: SOUND_ERROR_FREQ
sound error: SOUND_ERROR_FREQ
sound error: SOUND_ERROR_FREQ
sound error: SOUND_ERROR_FREQ
sound error: SOUND_ERROR_FREQ
sound error: SOUND_ERROR_FREQ
sound error: SOUND_ERROR_FREQ
sound error: SOUND_ERROR_FREQ
sound error: SOUND_ERROR_FREQ
sound error: SOUND_ERROR_FREQ
sound error: SOUND_ERROR_FREQ
sound error: SOUND_ERROR_FREQ
sound error: SOUND_ERROR_FREQ
sound error: SOUND_ERROR_FREQ
sound error: SOUND_ERROR_FREQ
sound error: SOUND_ERROR_FREQ
sound error: SOUND_ERROR_FREQ
sound error: SOUND_ERROR_FREQ
sound error: SOUND_ERROR_FREQ
sound error: SOUND_ERROR_FREQ
sound error: SOUND_ERROR_FREQ
sound error: SOUND_ERROR_FREQ
sound error: SOUND_ERROR_FREQ
sound error: SOUND_ERROR_FREQ
sound error: SOUND_ERROR_FREQ
sound error: SOUND_ERROR_FREQ
sound error: SOUND_ERROR_FREQ
sound error: SOUND_ERROR_FREQ
sound error: SOUND_ERROR_FREQ
sound error: SOUND_ERROR_FREQ
sound error: SOUND_ERROR_FREQ
sound error: SOUND_ERROR_FREQ
sound error: SOUND_ERROR_FREQ
sound error: SOUND_ERROR_FREQ
sound error: SOUND_ERROR_FREQ
sound error: SOUND_ERROR_FREQ
sound error: SOUND_ERROR_FREQ
sound error: SOUND_ERROR_FREQ
sound error: SOUND_ERROR_FREQ
sound error: SOUND_ERROR_FREQ
sound error: SOUND_ERROR_FREQ
sound error: SOUND_ERROR_FREQ
sound error: SOUND_ERROR_FREQ
sound error: SOUND_ERROR_FREQ
sound error: SOUND_ERROR_FREQ
sound error: SOUND_ERROR_FREQ
sound error: SOUND_ERROR_FREQ
sound error: SOUND_ERROR_FREQ
sound error: SOUND_ERROR_FREQ
sound error: SOUND_ERROR_FREQ
sound error: SOUND_ERROR_FREQ
sound error: SOUND_ERROR_FREQ
sound error: SOUND_ERROR_FREQ
sound error: SOUND_ERROR_FREQ
sound error: SOUND_ERROR_FREQ
sound error: SOUND_ERROR_FREQ
sound error: SOUND_ERROR_FREQ
sound error: SOUND_ERROR_FREQ
sound error: SOUND_ERROR_FREQ
sound error: SOUND_ERROR_FREQ
sound error: SOUND_ERROR_FREQ
sound error: SOUND_ERROR_FREQ
sound error: SOUND_ERROR_FREQ
sound error: SOUND_ERROR_FREQ
sound error: SOUND_ERROR_FREQ
sound error: SOUND_ERROR_FREQ
sound error: SOUND_ERROR_FREQ
sound error: SOUND_ERROR_FREQ
sound error: SOUND_ERROR_FREQ
sound error: SOUND_ERROR_FREQ
sound error: SOUND_ERROR_FREQ
sound error: SOUND_ERROR_FREQ
sound error: SOUND_ERROR_FREQ
sound error: SOUND_ERROR_FREQ
sound error: SOUND_ERROR_FREQ
sound error: SOUND_ERROR_FREQ
sound error: SOUND_ERROR_FREQ
sound error: SOUND_ERROR_FREQ
sound error: SOUND_ERROR_FREQ
sound error: SOUND_ERROR_FREQ
sound error: SOUND_ERROR_FREQ
sound error: SOUND_ERROR_FREQ
sound error: SOUND_ERROR_FREQ
sound error: SOUND_ERROR_FREQ
sound error: SOUND_ERROR_FREQ
sound error: SOUND_ERROR_FREQ
sound error: SOUND_ERROR_FREQ
sound error: SOUND_ERROR_FREQ
sound error: SOUND_ERROR_FREQ
sound error: SOUND_ERROR_FREQ
sound error: SOUND_ERROR_FREQ
sound error: SOUND_ERROR_FREQ
sound error: SOUND_ERROR_FREQ
sound error: SOUND_ERROR_FREQ
sound error: SOUND_ERROR_FREQ
sound error: SOUND_ERROR_FREQ
sound error: SOUND_ERROR_FREQ
sound error: SOUND_ERROR_FREQ
sound error: SOUND_ERROR_FREQ
sound error: SOUND_ERROR_FREQ
sound error: SOUND_ERROR_FREQ
sound error: SOUND_ERROR_FREQ
sound error: SOUND_ERROR_FREQ
sound error: SOUND_ERROR_FREQ
sound error: SOUND_ERROR_FREQ
sound error: SOUND_ERROR_FREQ
sound error: SOUND_ERROR_FREQ
sound error: SOUND_ERROR_FREQ
sound error: SOUND_ERROR_FREQ
sound error: SOUND_ERROR_FREQ
sound error: SOUND_ERROR_FREQ
sound error: SOUND_ERROR_FREQ
sound error: SOUND_ERROR_FREQ
sound error: SOUND_ERROR_FREQ
sound error: SOUND_ERROR_FREQ
sound error: SOUND_ERROR_FREQ
sound error: SOUND_ERROR_FREQ
sound error: SOUND_ERROR_FREQ
sound error: SOUND_ERROR_FREQ
sound error: SOUND_ERROR_FREQ
sound error: SOUND_ERROR_FREQ
sound error: SOUND_ERROR_FREQ
sound error: SOUND_ERROR_FREQ
sound error: SOUND_ERROR_FREQ
sound error: SOUND_ERROR_FREQ
sound error: SOUND_ERROR_FREQ
sound error: SOUND_ERROR_FREQ
sound error: SOUND_ERROR_FREQ
sound error: SOUND_ERROR_FREQ
sound error: SOUND_ERROR_FREQ
sound error: SOUND_ERROR_FREQ
sound error: SOUND_ERROR_FREQ
sound error: SOUND_ERROR_FREQ
sound error: SOUND_ERROR_FREQ
sound error: SOUND_ERROR_FREQ
sound error: SOUND_ERROR_FREQ
sound error: SOUND_ERROR_FREQ
sound error: SOUND_ERROR_FREQ
sound error: SOUND_ERROR_FREQ
sound error: SOUND_ERROR_FREQ
sound error: SOUND_ERROR_FREQ
sound error: SOUND_ERROR_FREQ
sound error: SOUND_ERROR_FREQ
sound error: SOUND_ERROR_FREQ
sound error: SOUND_ERROR_FREQ
sound error: SOUND_ERROR_FREQ
sound error: SOUND_ERROR_FREQ
sound error: SOUND_ERROR_FREQ
sound error: SOUND_ERROR_FREQ
sound error: SOUND_ERROR_FREQ
sound error: SOUND_ERROR_FREQ
sound error: SOUND_ERROR_FREQ
sound error: SOUND_ERROR_FREQ
sound error: SOUND_ERROR_FREQ
sound error: SOUND_ERROR_FREQ
sound error: SOUND_ERROR_FREQ
sound error: SOUND_ERROR_FREQ
sound error: SOUND_ERROR_FREQ
sound error: SOUND_ERROR_FREQ
sound error: SOUND_ERROR_FREQ
sound error: SOUND_ERROR_FREQ
sound error: SOUND_ERROR_FREQ
sound error: SOUND_ERROR_FREQ
sound error: SOUND_ERROR_FREQ
sound error: SOUND_ERROR_FREQ
sound error: SOUND_ERROR_FREQ
sound error: SOUND_ERROR_FREQ
sound error: SOUND_ERROR_FREQ
sound error: SOUND_ERROR_FREQ
sound error: SOUND_ERROR_FREQ
sound error: SOUND_ERROR_FREQ
sound error: SOUND_ERROR_FREQ
sound error: SOUND_ERROR_FREQ
sound error: SOUND_ERROR_FREQ
sound error: SOUND_ERROR_FREQ
sound error: SOUND_ERROR_FREQ
sound error: SOUND_ERROR_FREQ
sound error: SOUND_ERROR_FREQ
sound error: SOUND_ERROR_FREQ
sound error: SOUND_ERROR_FREQ
sound error: SOUND_ERROR_FREQ
sound error: SOUND_ERROR_FREQ
sound error: SOUND_ERROR_FREQ
sound error: SOUND_ERROR_FREQ
sound error: SOUND_ERROR_FREQ
sound error: SOUND_ERROR_FREQ
sound error: SOUND_ERROR_FREQ
sound error: SOUND_ERROR_FREQ
sound error: SOUND_ERROR_FREQ
sound error: SOUND_ERROR_FREQ
sound error: SOUND_ERROR_FREQ
sound error: SOUND_ERROR_FREQ
sound error: SOUND_ERROR_FREQ
sound error: SOUND_ERROR_FREQ
sound error: SOUND_ERROR_FREQ
sound error: SOUND_ERROR_FREQ
sound error: SOUND_ERROR_FREQ
sound error: SOUND_ERROR_FREQ
sound error: SOUND_ERROR_FREQ
sound error: SOUND_ERROR_FREQ
sound error: SOUND_ERROR_FREQ
sound error: SOUND_ERROR_FREQ
sound error: SOUND_ERROR_FREQ
sound error: SOUND_ERROR_FREQ
sound error: SOUND_ERROR_FREQ
sound error: SOUND_ERROR_FREQ
sound error: SOUND_ERROR_FREQ
sound error: SOUND_ERROR_FREQ
sound error: SOUND_ERROR_FREQ
sound error: SOUND_ERROR_FREQ
sound error: SOUND_ERROR_FREQ
sound error: SOUND_ERROR_FREQ
sound error: SOUND_ERROR_FREQ
sound error: SOUND_ERROR_FREQ
sound error: SOUND_ERROR_FREQ
sound error: SOUND_ERROR_FREQ
sound error: SOUND_ERROR_FREQ
sound error: SOUND_ERROR_FREQ
sound error: SOUND_ERROR_FREQ
sound error: SOUND_ERROR_FREQ
sound error: SOUND_ERROR_FREQ
sound error: SOUND_ERROR_FREQ
sound error: SOUND_ERROR_FREQ
sound error: SOUND_ERROR_FREQ
sound error: SOUND_ERROR_FREQ
sound error: SOUND_ERROR_FREQ
sound error: SOUND_ERROR_FREQ
sound error: SOUND_ERROR_FREQ
sound error: SOUND_ERROR_FREQ
sound error: SOUND_ERROR_FREQ
sound error: SOUND_ERROR_FREQ
sound error: SOUND_ERROR_FREQ
sound error: SOUND_ERROR_FREQ
sound error: SOUND_ERROR_FREQ
sound error: SOUND_ERROR_FREQ
sound error: SOUND_ERROR_FREQ
sound error: SOUND_ERROR_FREQ
sound error: SOUND_ERROR_FREQ
sound error: SOUND_ERROR_FREQ
sound error: SOUND_ERROR_FREQ
sound error: SOUND_ERROR_FREQ
sound error: SOUND_ERROR_FREQ
sound error: SOUND_ERROR_FREQ
sound error: SOUND_ERROR_FREQ
sound error: SOUND_ERROR_FREQ
sound error: SOUND_ERROR_FREQ
sound error: SOUND_ERROR_FREQ
sound error: SOUND_ERROR_FREQ
sound error: SOUND_ERROR_FREQ
sound error: SOUND_ERROR_FREQ
sound error: SOUND_ERROR_FREQ
sound error: SOUND_ERROR_FREQ
sound error: SOUND_ERROR_FREQ
sound error: SOUND_ERROR_FREQ
sound error: SOUND_ERROR_FREQ
sound error: SOUND_ERROR_FREQ
sound error: SOUND_ERROR_FREQ
sound error: SOUND_ERROR_FREQ
sound error: SOUND_ERROR_FREQ
sound error: SOUND_ERROR_FREQ
sound error: SOUND_ERROR_FREQ
sound error: SOUND_ERROR_FREQ
sound error: SOUND_ERROR_FREQ
sound error: SOUND_ERROR_FREQ
sound error: SOUND_ERROR_FREQ
sound error: SOUND_ERROR_FREQ
sound error: SOUND_ERROR_FREQ
sound error: SOUND_ERROR_FREQ
sound error: SOUND_ERROR_FREQ
sound error: SOUND_ERROR_FREQ
sound error: SOUND_ERROR_FREQ
sound error: SOUND_ERROR_FREQ
sound error: SOUND_ERROR_FREQ
sound error: SOUND_ERROR_FREQ
sound error: SOUND_ERROR_FREQ
sound error: SOUND_ERROR_FREQ
sound error: SOUND_ERROR_FREQ
sound error: SOUND_ERROR_FREQ
sound error: SOUND_ERROR_FREQ
sound error: SOUND_ERROR_FREQ
sound error: SOUND_ERROR_FREQ
sound error: SOUND_ERROR_FREQ
sound error: SOUND_ERROR_FREQ
sound error: SOUND_ERROR_FREQ
sound error: SOUND_ERROR_FREQ
sound error: SOUND_ERROR_FREQ
sound error: SOUND_ERROR_FREQ
sound error: SOUND_ERROR_FREQ
sound error: SOUND_ERROR_FREQ
sound error: SOUND_ERROR_FREQ
sound error: SOUND_ERROR_FREQ
sound error: SOUND_ERROR_FREQ
sound error: SOUND_ERROR_FREQ
sound error: SOUND_ERROR_FREQ
sound error: SOUND_ERROR_FREQ
sound error: SOUND_ERROR_FREQ
sound error: SOUND_ERROR_FREQ
sound error: SOUND_ERROR_FREQ
sound error: SOUND_ERROR_FREQ
sound error: SOUND_ERROR_FREQ
sound error: SOUND_ERROR_FREQ
sound error: SOUND_ERROR_FREQ
sound error: SOUND_ERROR_FREQ
sound error: SOUND_ERROR_FREQ
sound error: SOUND_ERROR_FREQ
sound error: SOUND_ERROR_FREQ
sound error: SOUND_ERROR_FREQ
sound error: SOUND_ERROR_FREQ
sound error: SOUND_ERROR_FREQ
sound error: SOUND_ERROR_FREQ
sound error: SOUND_ERROR_FREQ
sound error: SOUND_ERROR_FREQ
sound error: SOUND_ERROR_FREQ
sound error: SOUND_ERROR_FREQ
sound error: SOUND_ERROR_FREQ
sound error: SOUND_ERROR_FREQ
sound error: SOUND_ERROR_FREQ
sound error: SOUND_ERROR_FREQ
sound error: SOUND_ERROR_FREQ
sound error: SOUND_ERROR_FREQ
sound error: SOUND_ERROR_FREQ
sound error: SOUND_ERROR_FREQ
sound error: SOUND_ERROR_FREQ
sound error: SOUND_ERROR_FREQ
sound error: SOUND_ERROR_FREQ
sound error: SOUND_ERROR_FREQ
sound error: SOUND_ERROR_FREQ
sound error: SOUND_ERROR_FREQ
sound error: SOUND_ERROR_FREQ
sound error: SOUND_ERROR_FREQ
sound error: SOUND_ERROR_FREQ
sound error: SOUND_ERROR_FREQ
sound error: SOUND_ERROR_FREQ
sound error: SOUND_ERROR_FREQ
sound error: SOUND_ERROR_FREQ
sound error: SOUND_ERROR_FREQ
sound error: SOUND_ERROR_FREQ
sound error: SOUND_ERROR_FREQ
sound error: SOUND_ERROR_FREQ
sound error: SOUND_ERROR_FREQ
sound error: SOUND_ERROR_FREQ
sound error: SOUND_ERROR_FREQ
sound error: SOUND_ERROR_FREQ
sound error: SOUND_ERROR_FREQ
sound error: SOUND_ERROR_FREQ
sound error: SOUND_ERROR_FREQ
sound error: SOUND_ERROR_FREQ
sound error: SOUND_ERROR_FREQ
sound error: SOUND_ERROR_FREQ
sound error: SOUND_ERROR_FREQ
sound error: SOUND_ERROR_FREQ
sound error: SOUND_ERROR_FREQ
sound error: SOUND_ERROR_FREQ
sound error: SOUND_ERROR_FREQ
sound error: SOUND_ERROR_FREQ
sound error: SOUND_ERROR_FREQ
sound error: SOUND_ERROR_FREQ
sound error: SOUND_ERROR_FREQ
sound error: SOUND_ERROR_FREQ
sound error: SOUND_ERROR_FREQ
sound error: SOUND_ERROR_FREQ
sound error: SOUND_ERROR_FREQ
sound error: SOUND_ERROR_FREQ
sound error: SOUND_ERROR_FREQ
sound error: SOUND_ERROR_FREQ
sound error: SOUND_ERROR_FREQ
sound error: SOUND_ERROR_FREQ
sound error: SOUND_ERROR_FREQ
sound error: SOUND_ERROR_FREQ
sound error: SOUND_ERROR_FREQ
sound error: SOUND_ERROR_FREQ
sound error: SOUND_ERROR_FREQ
sound error: SOUND_ERROR_FREQ
sound error: SOUND_ERROR_FREQ
sound error: SOUND_ERROR_FREQ
sound error: SOUND_ERROR_FREQ
sound error: SOUND_ERROR_FREQ
sound error: SOUND_ERROR_FREQ
sound error: SOUND_ERROR_FREQ
sound error: SOUND_ERROR_FREQ
sound error: SOUND_ERROR_FREQ
sound error: SOUND_ERROR_FREQ
sound error: SOUND_ERROR_FREQ
sound error: SOUND_ERROR_FREQ
sound error: SOUND_ERROR_FREQ
sound error: SOUND_ERROR_FREQ
sound error: SOUND_ERROR_FREQ
sound error: SOUND_ERROR_FREQ
sound error: SOUND_ERROR_FREQ
sound error: SOUND_ERROR_FREQ
sound error: SOUND_ERROR_FREQ
sound error: SOUND_ERROR_FREQ
sound error: SOUND_ERROR_FREQ
sound error: SOUND_ERROR_FREQ
sound error: SOUND_ERROR_FREQ
sound error: SOUND_ERROR_FREQ
sound error: SOUND_ERROR_FREQ
sound error: SOUND_ERROR_FREQ
sound error: SOUND_ERROR_FREQ
sound error: SOUND_ERROR_FREQ
sound error: SOUND_ERROR_FREQ
sound error: SOUND_ERROR_FREQ
sound error: SOUND_ERROR_FREQ
sound error: SOUND_ERROR_FREQ
sound error: SOUND_ERROR_FREQ
sound error: SOUND_ERROR_FREQ
sound error: SOUND_ERROR_FREQ
sound error: SOUND_ERROR_FREQ
sound error: SOUND_ERROR_FREQ
sound error: SOUND_ERROR_FREQ
sound error: SOUND_ERROR_FREQ
sound error: SOUND_ERROR_FREQ
sound error: SOUND_ERROR_FREQ
sound error: SOUND_ERROR_FREQ
sound error: SOUND_ERROR_FREQ
sound error: SOUND_ERROR_FREQ
sound error: SOUND_ERROR_FREQ
sound error: SOUND_ERROR_FREQ
sound error: SOUND_ERROR_FREQ
sound error: SOUND_ERROR_FREQ
sound error: SOUND_ERROR_FREQ
sound error: SOUND_ERROR_FREQ
sound error: SOUND_ERROR_FREQ
sound error: SOUND_ERROR_FREQ
sound error: SOUND_ERROR_FREQ
sound error: SOUND_ERROR_FREQ
sound error: SOUND_ERROR_FREQ
sound error: SOUND_ERROR_FREQ
sound error: SOUND_ERROR_FREQ
sound error: SOUND_ERROR_FREQ
sound error: SOUND_ERROR_FREQ
sound error: SOUND_ERROR_FREQ
sound error: SOUND_ERROR_FREQ
sound error: SOUND_ERROR_FREQ
sound error: SOUND_ERROR_FREQ
sound error: SOUND_ERROR_FREQ
sound error: SOUND_ERROR_FREQ
sound error: SOUND_ERROR_FREQ
sound error: SOUND_ERROR_FREQ
sound error: SOUND_ERROR_FREQ
sound error: SOUND_ERROR_FREQ
sound error: SOUND_ERROR_FREQ
sound error: SOUND_ERROR_FREQ
sound error: SOUND_ERROR_FREQ
sound error: SOUND_ERROR_FREQ
sound error: SOUND_ERROR_FREQ
sound error: SOUND_ERROR_FREQ
sound error: SOUND_ERROR_FREQ
sound error: SOUND_ERROR_FREQ
sound error: SOUND_ERROR_FREQ
sound error: SOUND_ERROR_FREQ
sound error: SOUND_ERROR_FREQ
sound error: SOUND_ERROR_FREQ
sound error: SOUND_ERROR_FREQ
sound error: SOUND_ERROR_FREQ
sound error: SOUND_ERROR_FREQ
sound error: SOUND_ERROR_FREQ
sound error: SOUND_ERROR_FREQ
sound error: SOUND_ERROR_FREQ
sound error: SOUND_ERROR_FREQ
sound error: SOUND_ERROR_FREQ
sound error: SOUND_ERROR_FREQ
sound error: SOUND_ERROR_FREQ
sound error: SOUND_ERROR_FREQ
sound error: SOUND_ERROR_FREQ
sound error: SOUND_ERROR_FREQ
sound error: SOUND_ERROR_FREQ
sound error: SOUND_ERROR_FREQ
sound error: SOUND_ERROR_FREQ
sound error: SOUND_ERROR_FREQ
sound error: SOUND_ERROR_FREQ
sound error: SOUND_ERROR_FREQ
sound error: SOUND_ERROR_FREQ
sound error: SOUND_ERROR_FREQ
sound error: SOUND_ERROR_FREQ
sound error: SOUND_ERROR_FREQ
sound error: SOUND_ERROR_FREQ
sound error: SOUND_ERROR_FREQ
sound error: SOUND_ERROR_FREQ
sound error: SOUND_ERROR_FREQ
sound error: SOUND_ERROR_FREQ
sound error: SOUND_ERROR_FREQ
sound error: SOUND_ERROR_FREQ
sound error: SOUND_ERROR_FREQ
sound error: SOUND_ERROR_FREQ
sound error: SOUND_ERROR_FREQ
sound error: SOUND_ERROR_FREQ
sound error: SOUND_ERROR_FREQ
sound error: SOUND_ERROR_FREQ
sound error: SOUND_ERROR_FREQ
sound error: SOUND_ERROR_FREQ
sound error: SOUND_ERROR_FREQ
sound error: SOUND_ERROR_FREQ
sound error: SOUND_ERROR_FREQ
sound error: SOUND_ERROR_FREQ
sound error: SOUND_ERROR_FREQ
sound error: SOUND_ERROR_FREQ
sound error: SOUND_ERROR_FREQ
sound error: SOUND_ERROR_FREQ
sound error: SOUND_ERROR_FREQ
sound error: SOUND_ERROR_FREQ
sound error: SOUND_ERROR_FREQ
sound error: SOUND_ERROR_FREQ
sound error: SOUND_ERROR_FREQ
sound error: SOUND_ERROR_FREQ
sound error: SOUND_ERROR_FREQ
sound error: SOUND_ERROR_FREQ
sound error: SOUND_ERROR_FREQ
sound error: SOUND_ERROR_FREQ
sound error: SOUND_ERROR_FREQ
sound error: SOUND_ERROR_FREQ
sound error: SOUND_ERROR_FREQ
sound error: SOUND_ERROR_FREQ
sound error: SOUND_ERROR_FREQ
sound error: SOUND_ERROR_FREQ
sound error: SOUND_ERROR_FREQ
sound error: SOUND_ERROR_FREQ
sound error: SOUND_ERROR_FREQ
sound error: SOUND_ERROR_FREQ
sound error: SOUND_ERROR_FREQ
sound error: SOUND_ERROR_FREQ
sound error: SOUND_ERROR_FREQ
sound error: SOUND_ERROR_FREQ
sound error: SOUND_ERROR_FREQ
sound error: SOUND_ERROR_FREQ
sound error: SOUND_ERROR_FREQ
sound error: SOUND_ERROR_FREQ
sound error: SOUND_ERROR_FREQ
sound error: SOUND_ERROR_FREQ
sound error: SOUND_ERROR_FREQ
sound error: SOUND_ERROR_FREQ
sound error: SOUND_ERROR_FREQ
sound error: SOUND_ERROR_FREQ
sound error: SOUND_ERROR_FREQ
sound error: SOUND_ERROR_FREQ
sound error: SOUND_ERROR_FREQ
sound error: SOUND_ERROR_FREQ
sound error: SOUND_ERROR_FREQ
sound error: SOUND_ERROR_FREQ
sound error: SOUND_ERROR_FREQ
sound error: SOUND_ERROR_FREQ
sound error: SOUND_ERROR_FREQ
sound error: SOUND_ERROR_FREQ
sound error: SOUND_ERROR_FREQ
sound error: SOUND_ERROR_FREQ
sound error: SOUND_ERROR_FREQ
sound error: SOUND_ERROR_FREQ
sound error: SOUND_ERROR_FREQ
sound error: SOUND_ERROR_FREQ
sound error: SOUND_ERROR_FREQ
sound error: SOUND_ERROR_FREQ
sound error: SOUND_ERROR_FREQ
sound error: SOUND_ERROR_FREQ
sound error: SOUND_ERROR_FREQ
sound error: SOUND_ERROR_FREQ
sound error: SOUND_ERROR_FREQ
sound error: SOUND_ERROR_FREQ
sound error: SOUND_ERROR_FREQ
sound error: SOUND_ERROR_FREQ
sound error: SOUND_ERROR_FREQ
sound error: SOUND_ERROR_FREQ
sound error: SOUND_ERROR_FREQ
sound error: SOUND_ERROR_FREQ
sound error: SOUND_ERROR_FREQ
sound error: SOUND_ERROR_FREQ
sound error: SOUND_ERROR_FREQ
sound error: SOUND_ERROR_FREQ
sound error: SOUND_ERROR_FREQ
sound error: SOUND_ERROR_FREQ
sound error: SOUND_ERROR_FREQ
sound error: SOUND_ERROR_FREQ
sound error: SOUND_ERROR_FREQ
sound error: SOUND_ERROR_FREQ
sound error: SOUND_ERROR_FREQ
sound error: SOUND_ERROR_FREQ
sound error: SOUND_ERROR_FREQ
sound error: SOUND_ERROR_FREQ
sound error: SOUND_ERROR_FREQ
sound error: SOUND_ERROR_FREQ
sound error: SOUND_ERROR_FREQ
sound error: SOUND_ERROR_FREQ
sound error: SOUND_ERROR_FREQ
sound error: SOUND_ERROR_FREQ
sound error: SOUND_ERROR_FREQ
sound error: SOUND_ERROR_FREQ
sound error: SOUND_ERROR_FREQ
sound error: SOUND_ERROR_FREQ
sound error: SOUND_ERROR_FREQ
sound error: SOUND_ERROR_FREQ
sound error: SOUND_ERROR_FREQ
sound error: SOUND_ERROR_FREQ
sound error: SOUND_ERROR_FREQ
sound error: SOUND_ERROR_FREQ
sound error: SOUND_ERROR_FREQ
sound error: SOUND_ERROR_FREQ
sound error: SOUND_ERROR_FREQ
sound error: SOUND_ERROR_FREQ
sound error: SOUND_ERROR_FREQ
sound error: SOUND_ERROR_FREQ
sound error: SOUND_ERROR_FREQ
sound error: SOUND_ERROR_FREQ
sound error: SOUND_ERROR_FREQ
sound error: SOUND_ERROR_FREQ
sound error: SOUND_ERROR_FREQ
sound error: SOUND_ERROR_FREQ
sound error: SOUND_ERROR_FREQ
sound error: SOUND_ERROR_FREQ
sound error: SOUND_ERROR_FREQ
sound error: SOUND_ERROR_FREQ
sound error: SOUND_ERROR_FREQ
sound error: SOUND_ERROR_FREQ
sound error: SOUND_ERROR_FREQ
sound error: SOUND_ERROR_FREQ
sound error: SOUND_ERROR_FREQ
sound error: SOUND_ERROR_FREQ
sound error: SOUND_ERROR_FREQ
sound error: SOUND_ERROR_FREQ
sound error: SOUND_ERROR_FREQ
sound error: SOUND_ERROR_FREQ
sound error: SOUND_ERROR_FREQ
sound error: SOUND_ERROR_FREQ
sound error: SOUND_ERROR_FREQ
sound error: SOUND_ERROR_FREQ
sound error: SOUND_ERROR_FREQ
sound error: SOUND_ERROR_FREQ
sound error: SOUND_ERROR_FREQ
sound error: SOUND_ERROR_FREQ
sound error: SOUND_ERROR_FREQ
sound error: SOUND_ERROR_FREQ
sound error: SOUND_ERROR_FREQ
sound error: SOUND_ERROR_FREQ
sound error: SOUND_ERROR_FREQ
sound error: SOUND_ERROR_FREQ
sound error: SOUND_ERROR_FREQ
sound error: SOUND_ERROR_FREQ
sound error: SOUND_ERROR_FREQ
sound error: SOUND_ERROR_FREQ
sound error: SOUND_ERROR_FREQ
sound error: SOUND_ERROR_FREQ
sound error: SOUND_ERROR_FREQ
sound error: SOUND_ERROR_FREQ
sound error: SOUND_ERROR_FREQ
sound error: SOUND_ERROR_FREQ
sound error: SOUND_ERROR_FREQ
sound error: SOUND_ERROR_FREQ
sound error: SOUND_ERROR_VOL
sound error: SOUND_ERROR_FREQ
sound error: SOUND_ERROR_FREQ
sound error: SOUND_ERROR_FREQ
sound error: SOUND_ERROR_FREQ
sound error: SOUND_ERROR_FREQ
sound error: SOUND_ERROR_FREQ
sound error: SOUND_ERROR_VOL
sound error: SOUND_ERROR_FREQ
sound error: SOUND_ERROR_FREQ
sound error: SOUND_ERROR_FREQ
sound error: SOUND_ERROR_FREQ
sound error: SOUND_ERROR_FREQ
sound error: SOUND_ERROR_FREQ
sound error: SOUND_ERROR_FREQ
sound error: SOUND_ERROR_FREQ
sound error: SOUND_ERROR_FREQ
sound error: SOUND_ERROR_FREQ
sound error: SOUND_ERROR_FREQ
sound error: SOUND_ERROR_FREQ
sound error: SOUND_ERROR_VOL
sound error: SOUND_ERROR_FREQ
sound error: SOUND_ERROR_FREQ
sound error: SOUND_ERROR_FREQ
sound error: SOUND_ERROR_FREQ
sound error: SOUND_ERROR_FREQ
sound error: SOUND_ERROR_FREQ
sound error: SOUND_ERROR_FREQ
sound error: SOUND_ERROR_FREQ
sound error: SOUND_ERROR_FREQ
sound error: SOUND_ERROR_FREQ
sound error: SOUND_ERROR_FREQ
sound error: SOUND_ERROR_FREQ
sound error: SOUND_ERROR_FREQ
sound error: SOUND_ERROR_FREQ
sound error: SOUND_ERROR_FREQ
sound error: SOUND_ERROR_FREQ
sound error: SOUND_ERROR_FREQ
sound error: SOUND_ERROR_FREQ
sound error: SOUND_ERROR_FREQ
sound error: SOUND_ERROR_FREQ
sound error: SOUND_ERROR_FREQ
sound error: SOUND_ERROR_FREQ
sound error: SOUND_ERROR_FREQ
sound error: SOUND_ERROR_FREQ
sound error: SOUND_ERROR_FREQ
sound error: SOUND_ERROR_FREQ
sound error: SOUND_ERROR_FREQ
sound error: SOUND_ERROR_FREQ
sound error: SOUND_ERROR_FREQ
sound error: SOUND_ERROR_FREQ
sound error: SOUND_ERROR_FREQ
sound error: SOUND_ERROR_FREQ
sound error: SOUND_ERROR_FREQ
sound error: SOUND_ERROR_FREQ
sound error: SOUND_ERROR_FREQ
sound error: SOUND_ERROR_FREQ
sound error: SOUND_ERROR_FREQ
sound error: SOUND_ERROR_VOL
sound error: SOUND_ERROR_VOL
sound error: SOUND_ERROR_FREQ
sound error: SOUND_ERROR_VOL
sound error: SOUND_ERROR_FREQ
sound error: SOUND_ERROR_FREQ
sound error: SOUND_ERROR_FREQ
sound error: SOUND_ERROR_FREQ
sound error: SOUND_ERROR_VOL
sound error: SOUND_ERROR_FREQ
sound error: SOUND_ERROR_FREQ
sound error: SOUND_ERROR_FREQ
sound error: SOUND_ERROR_FREQ
sound error: SOUND_ERROR_FREQ
sound error: SOUND_ERROR_FREQ
sound error: SOUND_ERROR_FREQ
sound error: SOUND_ERROR_FREQ
sound error: SOUND_ERROR_FREQ
sound error: SOUND_ERROR_FREQ
sound error: SOUND_ERROR_FREQ
sound error: SOUND_ERROR_FREQ
sound error: SOUND_ERROR_FREQ
sound error: SOUND_ERROR_FREQ
sound error: SOUND_ERROR_FREQ
sound error: SOUND_ERROR_FREQ
sound error: SOUND_ERROR_FREQ
sound error: SOUND_ERROR_FREQ
sound error: SOUND_ERROR_FREQ
sound error: SOUND_ERROR_FREQ
sound error: SOUND_ERROR_FREQ
sound error: SOUND_ERROR_FREQ
sound error: SOUND_ERROR_FREQ
sound error: SOUND_ERROR_FREQ
sound error: SOUND_ERROR_FREQ
sound error: SOUND_ERROR_FREQ
sound error: SOUND_ERROR_FREQ
sound error: SOUND_ERROR_FREQ
sound error: SOUND_ERROR_FREQ
sound error: SOUND_ERROR_FREQ
sound error: SOUND_ERROR_FREQ
sound error: SOUND_ERROR_FREQ
sound error: SOUND_ERROR_FREQ
sound error: SOUND_ERROR_FREQ
sound error: SOUND_ERROR_FREQ
sound error: SOUND_ERROR_FREQ
sound error: SOUND_ERROR_FREQ
sound error: SOUND_ERROR_FREQ
sound error: SOUND_ERROR_FREQ
sound error: SOUND_ERROR_FREQ
sound error: SOUND_ERROR_FREQ
sound error: SOUND_ERROR_FREQ
sound error: SOUND_ERROR_FREQ
sound error: SOUND_ERROR_FREQ
sound error: SOUND_ERROR_FREQ
sound error: SOUND_ERROR_FREQ
sound error: SOUND_ERROR_FREQ
sound error: SOUND_ERROR_FREQ
sound error: SOUND_ERROR_FREQ
sound error: SOUND_ERROR_VOL
sound error: SOUND_ERROR_FREQ
sound error: SOUND_ERROR_FREQ
sound error: SOUND_ERROR_FREQ
sound error: SOUND_ERROR_FREQ
sound error: SOUND_ERROR_FREQ
sound error: SOUND_ERROR_FREQ
sound error: SOUND_ERROR_FREQ
sound error: SOUND_ERROR_FREQ
sound error: SOUND_ERROR_FREQ
sound error: SOUND_ERROR_FREQ
sound error: SOUND_ERROR_FREQ
sound error: SOUND_ERROR_FREQ
sound error: SOUND_ERROR_FREQ
sound error: SOUND_ERROR_FREQ
sound error: SOUND_ERROR_FREQ
sound error: SOUND_ERROR_FREQ
sound error: SOUND_ERROR_FREQ
sound error: SOUND_ERROR_FREQ
sound error: SOUND_ERROR_FREQ
sound error: SOUND_ERROR_FREQ
sound error: SOUND_ERROR_FREQ
sound error: SOUND_ERROR_FREQ
sound error: SOUND_ERROR_FREQ
sound error: SOUND_ERROR_FREQ
sound error: SOUND_ERROR_FREQ
sound error: SOUND_ERROR_FREQ
sound error: SOUND_ERROR_FREQ
sound error: SOUND_ERROR_FREQ
sound error: SOUND_ERROR_FREQ
sound error: SOUND_ERROR_FREQ
sound error: SOUND_ERROR_FREQ
sound error: SOUND_ERROR_FREQ
sound error: SOUND_ERROR_FREQ
sound error: SOUND_ERROR_FREQ
sound error: SOUND_ERROR_FREQ
sound error: SOUND_ERROR_FREQ
sound error: SOUND_ERROR_FREQ
sound error: SOUND_ERROR_FREQ
sound error: SOUND_ERROR_FREQ
sound error: SOUND_ERROR_FREQ
sound error: SOUND_ERROR_FREQ
sound error: SOUND_ERROR_FREQ
sound error: SOUND_ERROR_FREQ
sound error: SOUND_ERROR_FREQ
sound error: SOUND_ERROR_FREQ
sound error: SOUND_ERROR_FREQ
sound error: SOUND_ERROR_FREQ
sound error: SOUND_ERROR_FREQ
sound error: SOUND_ERROR_FREQ
sound error: SOUND_ERROR_FREQ
sound error: SOUND_ERROR_FREQ
sound error: SOUND_ERROR_FREQ
sound error: SOUND_ERROR_FREQ
sound error: SOUND_ERROR_FREQ
sound error: SOUND_ERROR_FREQ
sound error: SOUND_ERROR_FREQ
sound error: SOUND_ERROR_FREQ
sound error: SOUND_ERROR_FREQ
sound error: SOUND_ERROR_FREQ
sound error: SOUND_ERROR_FREQ
sound error: SOUND_ERROR_FREQ
sound error: SOUND_ERROR_FREQ
sound error: SOUND_ERROR_FREQ
sound error: SOUND_ERROR_FREQ
sound error: SOUND_ERROR_FREQ
sound error: SOUND_ERROR_FREQ
sound error: SOUND_ERROR_FREQ
sound error: SOUND_ERROR_FREQ
sound error: SOUND_ERROR_FREQ
sound error: SOUND_ERROR_FREQ
sound error: SOUND_ERROR_FREQ
sound error: SOUND_ERROR_FREQ
sound error: SOUND_ERROR_FREQ
sound error: SOUND_ERROR_FREQ
sound error: SOUND_ERROR_FREQ
sound error: SOUND_ERROR_FREQ
sound error: SOUND_ERROR_FREQ
sound error: SOUND_ERROR_FREQ
sound error: SOUND_ERROR_FREQ
sound error: SOUND_ERROR_FREQ
sound error: SOUND_ERROR_FREQ
sound error: SOUND_ERROR_FREQ
sound error: SOUND_ERROR_FREQ
sound error: SOUND_ERROR_FREQ
sound error: SOUND_ERROR_FREQ
sound error: SOUND_ERROR_FREQ
sound error: SOUND_ERROR_FREQ
sound error: SOUND_ERROR_FREQ
sound error: SOUND_ERROR_FREQ
sound error: SOUND_ERROR_FREQ
sound error: SOUND_ERROR_FREQ
sound error: SOUND_ERROR_FREQ
sound error: SOUND_ERROR_FREQ
sound error: SOUND_ERROR_FREQ
sound error: SOUND_ERROR_FREQ
sound error: SOUND_ERROR_FREQ
sound error: SOUND_ERROR_FREQ
sound error: SOUND_ERROR_FREQ
sound error: SOUND_ERROR_FREQ
sound error: SOUND_ERROR_FREQ
sound error: SOUND_ERROR_FREQ
sound error: SOUND_ERROR_FREQ
sound error: SOUND_ERROR_FREQ
sound error: SOUND_ERROR_FREQ
sound error: SOUND_ERROR_FREQ
sound error: SOUND_ERROR_FREQ
sound error: SOUND_ERROR_FREQ
sound error: SOUND_ERROR_FREQ
sound error: SOUND_ERROR_FREQ
sound error: SOUND_ERROR_FREQ
sound error: SOUND_ERROR_FREQ
sound error: SOUND_ERROR_FREQ
sound error: SOUND_ERROR_FREQ
sound error: SOUND_ERROR_FREQ
sound error: SOUND_ERROR_FREQ
sound error: SOUND_ERROR_FREQ
sound error: SOUND_ERROR_FREQ
sound error: SOUND_ERROR_FREQ
sound error: SOUND_ERROR_FREQ
sound error: SOUND_ERROR_FREQ
sound error: SOUND_ERROR_FREQ
sound error: SOUND_ERROR_FREQ
sound error: SOUND_ERROR_FREQ
sound error: SOUND_ERROR_FREQ
sound error: SOUND_ERROR_FREQ
sound error: SOUND_ERROR_FREQ
sound error: SOUND_ERROR_FREQ
sound error: SOUND_ERROR_FREQ
sound error: SOUND_ERROR_FREQ
sound error: SOUND_ERROR_FREQ
sound error: SOUND_ERROR_FREQ
sound error: SOUND_ERROR_FREQ
sound error: SOUND_ERROR_FREQ
sound error: SOUND_ERROR_FREQ
sound error: SOUND_ERROR_FREQ
sound error: SOUND_ERROR_FREQ
sound error: SOUND_ERROR_FREQ
sound error: SOUND_ERROR_FREQ
sound error: SOUND_ERROR_FREQ
sound error: SOUND_ERROR_FREQ
sound error: SOUND_ERROR_FREQ
sound error: SOUND_ERROR_FREQ
sound error: SOUND_ERROR_FREQ
sound error: SOUND_ERROR_FREQ
sound error: SOUND_ERROR_FREQ
sound error: SOUND_ERROR_FREQ
sound error: SOUND_ERROR_FREQ
sound error: SOUND_ERROR_VOL
sound error: SOUND_ERROR_FREQ
sound error: SOUND_ERROR_FREQ
sound error: SOUND_ERROR_FREQ
sound error: SOUND_ERROR_FREQ
sound error: SOUND_ERROR_FREQ
sound error: SOUND_ERROR_FREQ
sound error: SOUND_ERROR_FREQ
sound error: SOUND_ERROR_FREQ
sound error: SOUND_ERROR_VOL
sound error: SOUND_ERROR_FREQ
sound error: SOUND_ERROR_FREQ
sound error: SOUND_ERROR_FREQ
sound error: SOUND_ERROR_FREQ
sound error: SOUND_ERROR_FREQ
sound error: SOUND_ERROR_FREQ
sound error: SOUND_ERROR_FREQ
sound error: SOUND_ERROR_FREQ
sound error: SOUND_ERROR_FREQ
sound error: SOUND_ERROR_FREQ
sound error: SOUND_ERROR_FREQ
sound error: SOUND_ERROR_FREQ
sound error: SOUND_ERROR_FREQ
sound error: SOUND_ERROR_FREQ
sound error: SOUND_ERROR_FREQ
sound error: SOUND_ERROR_FREQ
sound error: SOUND_ERROR_FREQ
sound error: SOUND_ERROR_FREQ
sound error: SOUND_ERROR_FREQ
sound error: SOUND_ERROR_FREQ
sound error: SOUND_ERROR_FREQ
sound error: SOUND_ERROR_FREQ
sound error: SOUND_ERROR_FREQ
sound error: SOUND_ERROR_FREQ
sound error: SOUND_ERROR_FREQ
sound error: SOUND_ERROR_FREQ
sound error: SOUND_ERROR_FREQ
sound error: SOUND_ERROR_FREQ
sound error: SOUND_ERROR_FREQ
sound error: SOUND_ERROR_FREQ
sound error: SOUND_ERROR_FREQ
sound error: SOUND_ERROR_FREQ
sound error: SOUND_ERROR_FREQ
sound error: SOUND_ERROR_FREQ
sound error: SOUND_ERROR_FREQ
sound error: SOUND_ERROR_FREQ
sound error: SOUND_ERROR_FREQ
sound error: SOUND_ERROR_FREQ
sound error: SOUND_ERROR_FREQ
sound error: SOUND_ERROR_FREQ
sound error: SOUND_ERROR_VOL
sound error: SOUND_ERROR_FREQ
sound error: SOUND_ERROR_FREQ
sound error: SOUND_ERROR_FREQ
sound error: SOUND_ERROR_FREQ
sound error: SOUND_ERROR_FREQ
sound error: SOUND_ERROR_FREQ
sound error: SOUND_ERROR_FREQ
sound error: SOUND_ERROR_FREQ
sound error: SOUND_ERROR_FREQ
sound error: SOUND_ERROR_VOL
sound error: SOUND_ERROR_FREQ
sound error: SOUND_ERROR_FREQ
sound error: SOUND_ERROR_FREQ
sound error: SOUND_ERROR_FREQ
sound error: SOUND_ERROR_FREQ
sound error: SOUND_ERROR_FREQ
sound error: SOUND_ERROR_FREQ
sound error: SOUND_ERROR_FREQ
sound error: SOUND_ERROR_FREQ
sound error: SOUND_ERROR_FREQ
sound error: SOUND_ERROR_FREQ
sound error: SOUND_ERROR_FREQ
sound error: SOUND_ERROR_FREQ
sound error: SOUND_ERROR_FREQ
sound error: SOUND_ERROR_FREQ
sound error: SOUND_ERROR_FREQ
sound error: SOUND_ERROR_FREQ
sound error: SOUND_ERROR_FREQ
sound error: SOUND_ERROR_FREQ
sound error: SOUND_ERROR_FREQ
sound error: SOUND_ERROR_FREQ
sound error: SOUND_ERROR_FREQ
sound error: SOUND_ERROR_FREQ
sound error: SOUND_ERROR_FREQ
sound error: SOUND_ERROR_FREQ
sound error: SOUND_ERROR_FREQ
sound error: SOUND_ERROR_FREQ
sound error: SOUND_ERROR_FREQ
sound error: SOUND_ERROR_FREQ
sound error: SOUND_ERROR_FREQ
sound error: SOUND_ERROR_FREQ
sound error: SOUND_ERROR_FREQ
sound error: SOUND_ERROR_FREQ
sound error: SOUND_ERROR_FREQ
sound error: SOUND_ERROR_FREQ
sound error: SOUND_ERROR_FREQ
sound error: SOUND_ERROR_FREQ
sound error: SOUND_ERROR_FREQ
sound error: SOUND_ERROR_FREQ
sound error: SOUND_ERROR_FREQ
sound error: SOUND_ERROR_FREQ
sound error: SOUND_ERROR_FREQ
sound error: SOUND_ERROR_FREQ
sound error: SOUND_ERROR_FREQ
sound error: SOUND_ERROR_FREQ
sound error: SOUND_ERROR_FREQ
sound error: SOUND_ERROR_FREQ
sound error: SOUND_ERROR_FREQ
sound error: SOUND_ERROR_FREQ
sound error: SOUND_ERROR_FREQ
sound error: SOUND_ERROR_FREQ
sound error: SOUND_ERROR_FREQ
sound error: SOUND_ERROR_FREQ
sound error: SOUND_ERROR_FREQ
sound error: SOUND_ERROR_FREQ
sound error: SOUND_ERROR_FREQ
sound error: SOUND_ERROR_FREQ
sound error: SOUND_ERROR_FREQ
sound error: SOUND_ERROR_FREQ
sound error: SOUND_ERROR_FREQ
sound error: SOUND_ERROR_FREQ
sound error: SOUND_ERROR_FREQ
sound error: SOUND_ERROR_FREQ
sound error: SOUND_ERROR_FREQ
sound error: SOUND_ERROR_FREQ
sound error: SOUND_ERROR_FREQ
sound error: SOUND_ERROR_FREQ
sound error: SOUND_ERROR_FREQ
sound error: SOUND_ERROR_FREQ
sound error: SOUND_ERROR_FREQ
sound error: SOUND_ERROR_FREQ
sound error: SOUND_ERROR_VOL
sound error: SOUND_ERROR_FREQ
sound error: SOUND_ERROR_FREQ
sound error: SOUND_ERROR_FREQ
sound error: SOUND_ERROR_FREQ
sound error: SOUND_ERROR_FREQ
sound error: SOUND_ERROR_FREQ
sound error: SOUND_ERROR_FREQ
sound error: SOUND_ERROR_FREQ
sound error: SOUND_ERROR_FREQ
sound error: SOUND_ERROR_FREQ
sound error: SOUND_ERROR_FREQ
sound error: SOUND_ERROR_FREQ
sound error: SOUND_ERROR_FREQ
sound error: SOUND_ERROR_FREQ
sound error: SOUND_ERROR_FREQ
sound error: SOUND_ERROR_FREQ
sound error: SOUND_ERROR_FREQ
sound error: SOUND_ERROR_FREQ
sound error: SOUND_ERROR_FREQ
sound error: SOUND_ERROR_FREQ
sound error: SOUND_ERROR_FREQ
sound error: SOUND_ERROR_FREQ
sound error: SOUND_ERROR_FREQ
sound error: SOUND_ERROR_FREQ
sound error: SOUND_ERROR_FREQ
sound error: SOUND_ERROR_FREQ
sound error: SOUND_ERROR_FREQ
sound error: SOUND_ERROR_FREQ
sound error: SOUND_ERROR_FREQ
sound error: SOUND_ERROR_FREQ
sound error: SOUND_ERROR_FREQ
sound error: SOUND_ERROR_FREQ
sound error: SOUND_ERROR_FREQ
sound error: SOUND_ERROR_FREQ
sound error: SOUND_ERROR_FREQ
sound error: SOUND_ERROR_FREQ
sound error: SOUND_ERROR_FREQ
sound error: SOUND_ERROR_FREQ
sound error: SOUND_ERROR_FREQ
sound error: SOUND_ERROR_FREQ
sound error: SOUND_ERROR_FREQ
sound error: SOUND_ERROR_FREQ
sound error: SOUND_ERROR_FREQ
sound error: SOUND_ERROR_FREQ
sound error: SOUND_ERROR_FREQ
sound error: SOUND_ERROR_FREQ
sound error: SOUND_ERROR_FREQ
sound error: SOUND_ERROR_FREQ
sound error: SOUND_ERROR_FREQ
sound error: SOUND_ERROR_FREQ
sound error: SOUND_ERROR_FREQ
sound error: SOUND_ERROR_FREQ
sound error: SOUND_ERROR_FREQ
sound error: SOUND_ERROR_FREQ
sound error: SOUND_ERROR_FREQ
sound error: SOUND_ERROR_FREQ
sound error: SOUND_ERROR_FREQ
sound error: SOUND_ERROR_FREQ
sound error: SOUND_ERROR_FREQ
sound error: SOUND_ERROR_FREQ
sound error: SOUND_ERROR_FREQ
sound error: SOUND_ERROR_FREQ
sound error: SOUND_ERROR_FREQ
sound error: SOUND_ERROR_FREQ
sound error: SOUND_ERROR_FREQ
sound error: SOUND_ERROR_FREQ
sound error: SOUND_ERROR_FREQ
sound error: SOUND_ERROR_FREQ
sound error: SOUND_ERROR_FREQ
sound error: SOUND_ERROR_FREQ
sound error: SOUND_ERROR_FREQ
sound error: SOUND_ERROR_FREQ
sound error: SOUND_ERROR_FREQ
sound error: SOUND_ERROR_VOL
sound error: SOUND_ERROR_FREQ
sound error: SOUND_ERROR_FREQ
sound error: SOUND_ERROR_FREQ
sound error: SOUND_ERROR_FREQ
sound error: SOUND_ERROR_FREQ
sound error: SOUND_ERROR_FREQ
sound error: SOUND_ERROR_FREQ
sound error: SOUND_ERROR_FREQ
sound error: SOUND_ERROR_FREQ
sound error: SOUND_ERROR_FREQ
sound error: SOUND_ERROR_FREQ
sound error: SOUND_ERROR_FREQ
sound error: SOUND_ERROR_FREQ
sound error: SOUND_ERROR_FREQ
sound error: SOUND_ERROR_FREQ
sound error: SOUND_ERROR_FREQ
sound error: SOUND_ERROR_FREQ
sound error: SOUND_ERROR_FREQ
sound error: SOUND_ERROR_FREQ
sound error: SOUND_ERROR_FREQ
sound error: SOUND_ERROR_FREQ
sound error: SOUND_ERROR_FREQ
sound error: SOUND_ERROR_FREQ
sound error: SOUND_ERROR_FREQ
sound error: SOUND_ERROR_FREQ
sound error: SOUND_ERROR_FREQ
sound error: SOUND_ERROR_FREQ
sound error: SOUND_ERROR_FREQ
sound error: SOUND_ERROR_FREQ
sound error: SOUND_ERROR_FREQ
sound error: SOUND_ERROR_FREQ
sound error: SOUND_ERROR_FREQ
sound error: SOUND_ERROR_FREQ
sound error: SOUND_ERROR_FREQ
sound error: SOUND_ERROR_FREQ
sound error: SOUND_ERROR_FREQ
sound error: SOUND_ERROR_FREQ
sound error: SOUND_ERROR_FREQ
sound error: SOUND_ERROR_FREQ
sound error: SOUND_ERROR_FREQ
sound error: SOUND_ERROR_FREQ
sound error: SOUND_ERROR_FREQ
sound error: SOUND_ERROR_FREQ
sound error: SOUND_ERROR_FREQ
sound error: SOUND_ERROR_FREQ
sound error: SOUND_ERROR_FREQ
sound error: SOUND_ERROR_FREQ
sound error: SOUND_ERROR_FREQ
sound error: SOUND_ERROR_FREQ
sound error: SOUND_ERROR_FREQ
sound error: SOUND_ERROR_FREQ
sound error: SOUND_ERROR_FREQ
sound error: SOUND_ERROR_FREQ
sound error: SOUND_ERROR_FREQ
sound error: SOUND_ERROR_FREQ
sound error: SOUND_ERROR_FREQ
sound error: SOUND_ERROR_FREQ
sound error: SOUND_ERROR_FREQ
sound error: SOUND_ERROR_FREQ
sound error: SOUND_ERROR_FREQ
sound error: SOUND_ERROR_FREQ
sound error: SOUND_ERROR_FREQ
sound error: SOUND_ERROR_FREQ
sound error: SOUND_ERROR_FREQ
sound error: SOUND_ERROR_FREQ
sound error: SOUND_ERROR_FREQ
sound error: SOUND_ERROR_FREQ
sound error: SOUND_ERROR_FREQ
sound error: SOUND_ERROR_FREQ
sound error: SOUND_ERROR_FREQ
sound error: SOUND_ERROR_FREQ
sound error: SOUND_ERROR_FREQ
sound error: SOUND_ERROR_FREQ
sound error: SOUND_ERROR_FREQ
sound error: SOUND_ERROR_FREQ
sound error: SOUND_ERROR_FREQ
sound error: SOUND_ERROR_FREQ
sound error: SOUND_ERROR_FREQ
sound error: SOUND_ERROR_FREQ
sound error: SOUND_ERROR_FREQ
sound error: SOUND_ERROR_FREQ
sound error: SOUND_ERROR_FREQ
sound error: SOUND_ERROR_FREQ
sound error: SOUND_ERROR_FREQ
sound error: SOUND_ERROR_FREQ
sound error: SOUND_ERROR_FREQ
sound error: SOUND_ERROR_FREQ
sound error: SOUND_ERROR_FREQ
sound error: SOUND_ERROR_FREQ
sound error: SOUND_ERROR_FREQ
sound error: SOUND_ERROR_FREQ
sound error: SOUND_ERROR_FREQ
sound error: SOUND_ERROR_FREQ
sound error: SOUND_ERROR_FREQ
sound error: SOUND_ERROR_FREQ
sound error: SOUND_ERROR_FREQ
sound error: SOUND_ERROR_FREQ
sound error: SOUND_ERROR_FREQ
sound error: SOUND_ERROR_FREQ
sound error: SOUND_ERROR_FREQ
sound error: SOUND_ERROR_FREQ
sound error: SOUND_ERROR_FREQ
sound error: SOUND_ERROR_FREQ
sound error: SOUND_ERROR_FREQ
sound error: SOUND_ERROR_FREQ
sound error: SOUND_ERROR_FREQ
sound error: SOUND_ERROR_FREQ
sound error: SOUND_ERROR_FREQ
sound error: SOUND_ERROR_FREQ
sound error: SOUND_ERROR_FREQ
sound error: SOUND_ERROR_FREQ
sound error: SOUND_ERROR_FREQ
sound error: SOUND_ERROR_FREQ
sound error: SOUND_ERROR_FREQ
sound error: SOUND_ERROR_FREQ
sound error: SOUND_ERROR_FREQ
sound error: SOUND_ERROR_FREQ
sound error: SOUND_ERROR_FREQ
sound error: SOUND_ERROR_FREQ
sound error: SOUND_ERROR_FREQ
sound error: SOUND_ERROR_FREQ
sound error: SOUND_ERROR_FREQ
sound error: SOUND_ERROR_FREQ
sound error: SOUND_ERROR_FREQ
sound error: SOUND_ERROR_FREQ
sound error: SOUND_ERROR_FREQ
sound error: SOUND_ERROR_FREQ
sound error: SOUND_ERROR_FREQ
sound error: SOUND_ERROR_FREQ
sound error: SOUND_ERROR_FREQ
sound error: SOUND_ERROR_FREQ
sound error: SOUND_ERROR_FREQ
sound error: SOUND_ERROR_FREQ
sound error: SOUND_ERROR_FREQ
sound error: SOUND_ERROR_FREQ
sound error: SOUND_ERROR_FREQ
sound error: SOUND_ERROR_FREQ
sound error: SOUND_ERROR_FREQ
sound error: SOUND_ERROR_FREQ
sound error: SOUND_ERROR_FREQ
sound error: SOUND_ERROR_FREQ
sound error: SOUND_ERROR_FREQ
sound error: SOUND_ERROR_FREQ
sound error: SOUND_ERROR_FREQ
sound error: SOUND_ERROR_FREQ
sound error: SOUND_ERROR_FREQ
sound error: SOUND_ERROR_FREQ
sound error: SOUND_ERROR_FREQ
sound error: SOUND_ERROR_FREQ
sound error: SOUND_ERROR_FREQ
sound error: SOUND_ERROR_FREQ
sound error: SOUND_ERROR_FREQ
sound error: SOUND_ERROR_FREQ
sound error: SOUND_ERROR_FREQ
sound error: SOUND_ERROR_FREQ
sound error: SOUND_ERROR_FREQ
sound error: SOUND_ERROR_FREQ
sound error: SOUND_ERROR_FREQ
sound error: SOUND_ERROR_FREQ
sound error: SOUND_ERROR_FREQ
sound error: SOUND_ERROR_FREQ
sound error: SOUND_ERROR_FREQ
sound error: SOUND_ERROR_FREQ
sound error: SOUND_ERROR_FREQ
sound error: SOUND_ERROR_FREQ
sound error: SOUND_ERROR_FREQ
sound error: SOUND_ERROR_FREQ
sound error: SOUND_ERROR_FREQ
sound error: SOUND_ERROR_FREQ
sound error: SOUND_ERROR_FREQ
sound error: SOUND_ERROR_FREQ
sound error: SOUND_ERROR_FREQ
sound error: SOUND_ERROR_FREQ
sound error: SOUND_ERROR_FREQ
sound error: SOUND_ERROR_FREQ
sound error: SOUND_ERROR_FREQ
sound error: SOUND_ERROR_FREQ
sound error: SOUND_ERROR_FREQ
sound error: SOUND_ERROR_FREQ
sound error: SOUND_ERROR_FREQ
sound error: SOUND_ERROR_FREQ
sound error: SOUND_ERROR_FREQ
sound error: SOUND_ERROR_FREQ
sound error: SOUND_ERROR_FREQ
sound error: SOUND_ERROR_FREQ
sound error: SOUND_ERROR_FREQ
sound error: SOUND_ERROR_FREQ
sound error: SOUND_ERROR_FREQ
sound error: SOUND_ERROR_FREQ
sound error: SOUND_ERROR_FREQ
sound error: SOUND_ERROR_FREQ
sound error: SOUND_ERROR_FREQ
sound error: SOUND_ERROR_FREQ
sound error: SOUND_ERROR_FREQ
sound error: SOUND_ERROR_FREQ
sound error: SOUND_ERROR_FREQ
sound error: SOUND_ERROR_FREQ
sound error: SOUND_ERROR_FREQ
sound error: SOUND_ERROR_FREQ
sound error: SOUND_ERROR_FREQ
sound error: SOUND_ERROR_VOL
sound error: SOUND_ERROR_FREQ
sound error: SOUND_ERROR_FREQ
sound error: SOUND_ERROR_FREQ
sound error: SOUND_ERROR_FREQ
sound error: SOUND_ERROR_FREQ
sound error: SOUND_ERROR_FREQ
sound error: SOUND_ERROR_FREQ
sound error: SOUND_ERROR_FREQ
sound error: SOUND_ERROR_FREQ
sound error: SOUND_ERROR_FREQ
sound error: SOUND_ERROR_FREQ
sound error: SOUND_ERROR_FREQ
sound error: SOUND_ERROR_FREQ
sound error: SOUND_ERROR_FREQ
sound error: SOUND_ERROR_FREQ
sound error: SOUND_ERROR_FREQ
sound error: SOUND_ERROR_FREQ
sound error: SOUND_ERROR_FREQ
sound error: SOUND_ERROR_FREQ
sound error: SOUND_ERROR_FREQ
sound error: SOUND_ERROR_FREQ
sound error: SOUND_ERROR_FREQ
sound error: SOUND_ERROR_FREQ
sound error: SOUND_ERROR_FREQ
sound error: SOUND_ERROR_FREQ
sound error: SOUND_ERROR_FREQ
sound error: SOUND_ERROR_FREQ
sound error: SOUND_ERROR_FREQ
sound error: SOUND_ERROR_FREQ
sound error: SOUND_ERROR_FREQ
sound error: SOUND_ERROR_FREQ
sound error: SOUND_ERROR_FREQ
sound error: SOUND_ERROR_FREQ
sound error: SOUND_ERROR_FREQ
sound error: SOUND_ERROR_FREQ
sound error: SOUND_ERROR_FREQ
sound error: SOUND_ERROR_FREQ
sound error: SOUND_ERROR_FREQ
sound error: SOUND_ERROR_FREQ
sound error: SOUND_ERROR_FREQ
sound error: SOUND_ERROR_FREQ
sound error: SOUND_ERROR_FREQ
sound error: SOUND_ERROR_FREQ
sound error: SOUND_ERROR_FREQ
sound error: SOUND_ERROR_FREQ
sound error: SOUND_ERROR_FREQ
sound error: SOUND_ERROR_FREQ
sound error: SOUND_ERROR_FREQ
sound error: SOUND_ERROR_FREQ
sound error: SOUND_ERROR_FREQ
sound error: SOUND_ERROR_FREQ
sound error: SOUND_ERROR_FREQ
sound error: SOUND_ERROR_FREQ
sound error: SOUND_ERROR_FREQ
sound error: SOUND_ERROR_FREQ
sound error: SOUND_ERROR_FREQ
sound error: SOUND_ERROR_FREQ
sound error: SOUND_ERROR_FREQ
sound error: SOUND_ERROR_FREQ
sound error: SOUND_ERROR_FREQ
sound error: SOUND_ERROR_FREQ
sound error: SOUND_ERROR_FREQ
sound error: SOUND_ERROR_FREQ
sound error: SOUND_ERROR_FREQ
sound error: SOUND_ERROR_FREQ
sound error: SOUND_ERROR_FREQ
sound error: SOUND_ERROR_FREQ
sound error: SOUND_ERROR_FREQ
sound error: SOUND_ERROR_FREQ
sound error: SOUND_ERROR_FREQ
sound error: SOUND_ERROR_FREQ
sound error: SOUND_ERROR_FREQ
sound error: SOUND_ERROR_FREQ
sound error: SOUND_ERROR_FREQ
sound error: SOUND_ERROR_FREQ
sound error: SOUND_ERROR_FREQ
sound error: SOUND_ERROR_FREQ
sound error: SOUND_ERROR_FREQ
sound error: SOUND_ERROR_FREQ
sound error: SOUND_ERROR_FREQ
sound error: SOUND_ERROR_FREQ
sound error: SOUND_ERROR_FREQ
sound error: SOUND_ERROR_FREQ
sound error: SOUND_ERROR_FREQ
sound error: SOUND_ERROR_FREQ
sound error: SOUND_ERROR_FREQ
sound error: SOUND_ERROR_FREQ
sound error: SOUND_ERROR_FREQ
sound error: SOUND_ERROR_FREQ
sound error: SOUND_ERROR_FREQ
sound error: SOUND_ERROR_FREQ
sound error: SOUND_ERROR_FREQ
sound error: SOUND_ERROR_FREQ
sound error: SOUND_ERROR_FREQ
sound error: SOUND_ERROR_FREQ
sound error: SOUND_ERROR_FREQ
sound error: SOUND_ERROR_FREQ
sound error: SOUND_ERROR_FREQ
sound error: SOUND_ERROR_FREQ
sound error: SOUND_ERROR_FREQ
sound error: SOUND_ERROR_FREQ
sound error: SOUND_ERROR_FREQ
sound error: SOUND_ERROR_FREQ
sound error: SOUND_ERROR_FREQ
sound error: SOUND_ERROR_FREQ
sound error: SOUND_ERROR_FREQ
sound error: SOUND_ERROR_FREQ
sound error: SOUND_ERROR_FREQ
sound error: SOUND_ERROR_FREQ
sound error: SOUND_ERROR_FREQ
sound error: SOUND_ERROR_FREQ
sound error: SOUND_ERROR_FREQ
sound error: SOUND_ERROR_FREQ
sound error: SOUND_ERROR_FREQ
sound error: SOUND_ERROR_FREQ
sound error: SOUND_ERROR_FREQ
sound error: SOUND_ERROR_FREQ
sound error: SOUND_ERROR_FREQ
sound error: SOUND_ERROR_FREQ
sound error: SOUND_ERROR_FREQ
sound error: SOUND_ERROR_FREQ
sound error: SOUND_ERROR_FREQ
sound error: SOUND_ERROR_FREQ
sound error: SOUND_ERROR_FREQ
sound error: SOUND_ERROR_FREQ
sound error: SOUND_ERROR_FREQ
sound error: SOUND_ERROR_FREQ
sound error: SOUND_ERROR_FREQ
sound error: SOUND_ERROR_FREQ
sound error: SOUND_ERROR_FREQ
sound error: SOUND_ERROR_FREQ
sound error: SOUND_ERROR_FREQ
sound error: SOUND_ERROR_FREQ
sound error: SOUND_ERROR_FREQ
sound error: SOUND_ERROR_FREQ
sound error: SOUND_ERROR_FREQ
sound error: SOUND_ERROR_FREQ
sound error: SOUND_ERROR_FREQ
sound error: SOUND_ERROR_FREQ
sound error: SOUND_ERROR_VOL
sound error: SOUND_ERROR_FREQ
sound error: SOUND_ERROR_FREQ
sound error: SOUND_ERROR_FREQ
sound error: SOUND_ERROR_FREQ
sound error: SOUND_ERROR_FREQ
sound error: SOUND_ERROR_FREQ
sound error: SOUND_ERROR_FREQ
sound error: SOUND_ERROR_FREQ
sound error: SOUND_ERROR_FREQ
sound error: SOUND_ERROR_FREQ
sound error: SOUND_ERROR_FREQ
sound error: SOUND_ERROR_FREQ
sound error: SOUND_ERROR_FREQ
sound error: SOUND_ERROR_FREQ
sound error: SOUND_ERROR_FREQ
sound error: SOUND_ERROR_FREQ
sound error: SOUND_ERROR_FREQ
sound error: SOUND_ERROR_FREQ
sound error: SOUND_ERROR_FREQ
sound error: SOUND_ERROR_FREQ
sound error: SOUND_ERROR_FREQ
sound error: SOUND_ERROR_FREQ
sound error: SOUND_ERROR_FREQ
sound error: SOUND_ERROR_FREQ
sound error: SOUND_ERROR_FREQ
sound error: SOUND_ERROR_FREQ
sound error: SOUND_ERROR_FREQ
sound error: SOUND_ERROR_FREQ
sound error: SOUND_ERROR_FREQ
sound error: SOUND_ERROR_FREQ
sound error: SOUND_ERROR_FREQ
sound error: SOUND_ERROR_FREQ
sound error: SOUND_ERROR_FREQ
sound error: SOUND_ERROR_FREQ
sound error: SOUND_ERROR_FREQ
sound error: SOUND_ERROR_FREQ
sound error: SOUND_ERROR_FREQ
sound error: SOUND_ERROR_FREQ
sound error: SOUND_ERROR_FREQ
sound error: SOUND_ERROR_FREQ
sound error: SOUND_ERROR_FREQ
sound error: SOUND_ERROR_FREQ
sound error: SOUND_ERROR_FREQ
sound error: SOUND_ERROR_FREQ
sound error: SOUND_ERROR_FREQ
sound error: SOUND_ERROR_FREQ
sound error: SOUND_ERROR_FREQ
sound error: SOUND_ERROR_FREQ
sound error: SOUND_ERROR_FREQ
sound error: SOUND_ERROR_FREQ
sound error: SOUND_ERROR_FREQ
sound error: SOUND_ERROR_FREQ
sound error: SOUND_ERROR_FREQ
sound error: SOUND_ERROR_FREQ
sound error: SOUND_ERROR_FREQ
sound error: SOUND_ERROR_FREQ
sound error: SOUND_ERROR_FREQ
sound error: SOUND_ERROR_FREQ
sound error: SOUND_ERROR_FREQ
sound error: SOUND_ERROR_FREQ
sound error: SOUND_ERROR_FREQ
sound error: SOUND_ERROR_FREQ
sound error: SOUND_ERROR_FREQ
sound error: SOUND_ERROR_FREQ
sound error: SOUND_ERROR_FREQ
sound error: SOUND_ERROR_FREQ
sound error: SOUND_ERROR_FREQ
sound error: SOUND_ERROR_FREQ
sound error: SOUND_ERROR_FREQ
sound error: SOUND_ERROR_FREQ
sound error: SOUND_ERROR_FREQ
sound error: SOUND_ERROR_FREQ
sound error: SOUND_ERROR_FREQ
sound error: SOUND_ERROR_FREQ
sound error: SOUND_ERROR_FREQ
sound error: SOUND_ERROR_FREQ
sound error: SOUND_ERROR_FREQ
sound error: SOUND_ERROR_FREQ
sound error: SOUND_ERROR_FREQ
sound error: SOUND_ERROR_FREQ
sound error: SOUND_ERROR_FREQ
sound error: SOUND_ERROR_FREQ
sound error: SOUND_ERROR_FREQ
sound error: SOUND_ERROR_FREQ
sound error: SOUND_ERROR_FREQ
sound error: SOUND_ERROR_FREQ
sound error: SOUND_ERROR_FREQ
sound error: SOUND_ERROR_FREQ
sound error: SOUND_ERROR_FREQ
sound error: SOUND_ERROR_FREQ
sound error: SOUND_ERROR_FREQ
sound error: SOUND_ERROR_FREQ
sound error: SOUND_ERROR_FREQ
sound error: SOUND_ERROR_FREQ
sound error: SOUND_ERROR_FREQ
sound error: SOUND_ERROR_FREQ
sound error: SOUND_ERROR_FREQ
sound error: SOUND_ERROR_FREQ
sound error: SOUND_ERROR_FREQ
sound error: SOUND_ERROR_FREQ
sound error: SOUND_ERROR_FREQ
sound error: SOUND_ERROR_FREQ
sound error: SOUND_ERROR_FREQ
sound error: SOUND_ERROR_FREQ
sound error: SOUND_ERROR_FREQ
sound error: SOUND_ERROR_FREQ
sound error: SOUND_ERROR_FREQ
sound error: SOUND_ERROR_FREQ
sound error: SOUND_ERROR_FREQ
sound error: SOUND_ERROR_FREQ
sound error: SOUND_ERROR_FREQ
sound error: SOUND_ERROR_FREQ
sound error: SOUND_ERROR_FREQ
sound error: SOUND_ERROR_FREQ
sound error: SOUND_ERROR_FREQ
sound error: SOUND_ERROR_FREQ
sound error: SOUND_ERROR_FREQ
sound error: SOUND_ERROR_FREQ
sound error: SOUND_ERROR_FREQ
sound error: SOUND_ERROR_FREQ
sound error: SOUND_ERROR_FREQ
sound error: SOUND_ERROR_FREQ
sound error: SOUND_ERROR_FREQ
sound error: SOUND_ERROR_FREQ
sound error: SOUND_ERROR_FREQ
sound error: SOUND_ERROR_FREQ
sound error: SOUND_ERROR_FREQ
sound error: SOUND_ERROR_FREQ
sound error: SOUND_ERROR_FREQ
sound error: SOUND_ERROR_FREQ
sound error: SOUND_ERROR_FREQ
sound error: SOUND_ERROR_FREQ
sound error: SOUND_ERROR_FREQ
sound error: SOUND_ERROR_FREQ
sound error: SOUND_ERROR_FREQ
sound error: SOUND_ERROR_FREQ
sound error: SOUND_ERROR_FREQ
sound error: SOUND_ERROR_FREQ
sound error: SOUND_ERROR_FREQ
sound error: SOUND_ERROR_FREQ
sound error: SOUND_ERROR_FREQ
sound error: SOUND_ERROR_FREQ
sound error: SOUND_ERROR_FREQ
sound error: SOUND_ERROR_VOL
sound error: SOUND_ERROR_FREQ
sound error: SOUND_ERROR_FREQ
sound error: SOUND_ERROR_FREQ
sound error: SOUND_ERROR_FREQ
sound error: SOUND_ERROR_FREQ
sound error: SOUND_ERROR_FREQ
sound error: SOUND_ERROR_FREQ
sound error: SOUND_ERROR_FREQ
sound error: SOUND_ERROR_FREQ
sound error: SOUND_ERROR_FREQ
sound error: SOUND_ERROR_FREQ
sound error: SOUND_ERROR_FREQ
sound error: SOUND_ERROR_FREQ
sound error: SOUND_ERROR_FREQ
sound error: SOUND_ERROR_FREQ
sound error: SOUND_ERROR_FREQ
sound error: SOUND_ERROR_FREQ
sound error: SOUND_ERROR_FREQ
sound error: SOUND_ERROR_FREQ
sound error: SOUND_ERROR_FREQ
sound error: SOUND_ERROR_FREQ
sound error: SOUND_ERROR_FREQ
sound error: SOUND_ERROR_FREQ
sound error: SOUND_ERROR_FREQ
sound error: SOUND_ERROR_FREQ
sound error: SOUND_ERROR_FREQ
sound error: SOUND_ERROR_FREQ
sound error: SOUND_ERROR_FREQ
sound error: SOUND_ERROR_FREQ
sound error: SOUND_ERROR_FREQ
sound error: SOUND_ERROR_FREQ
sound error: SOUND_ERROR_FREQ
sound error: SOUND_ERROR_FREQ
sound error: SOUND_ERROR_FREQ
sound error: SOUND_ERROR_FREQ
sound error: SOUND_ERROR_FREQ
sound error: SOUND_ERROR_FREQ
sound error: SOUND_ERROR_FREQ
sound error: SOUND_ERROR_FREQ
sound error: SOUND_ERROR_FREQ
sound error: SOUND_ERROR_FREQ
sound error: SOUND_ERROR_FREQ
sound error: SOUND_ERROR_FREQ
sound error: SOUND_ERROR_FREQ
sound error: SOUND_ERROR_FREQ
sound error: SOUND_ERROR_FREQ
sound error: SOUND_ERROR_FREQ
sound error: SOUND_ERROR_FREQ
sound error: SOUND_ERROR_FREQ
sound error: SOUND_ERROR_FREQ
sound error: SOUND_ERROR_FREQ
sound error: SOUND_ERROR_FREQ
sound error: SOUND_ERROR_FREQ
sound error: SOUND_ERROR_FREQ
sound error: SOUND_ERROR_FREQ
sound error: SOUND_ERROR_FREQ
sound error: SOUND_ERROR_FREQ
sound error: SOUND_ERROR_FREQ
sound error: SOUND_ERROR_FREQ
sound error: SOUND_ERROR_FREQ
sound error: SOUND_ERROR_FREQ
sound error: SOUND_ERROR_FREQ
sound error: SOUND_ERROR_FREQ
sound error: SOUND_ERROR_FREQ
sound error: SOUND_ERROR_FREQ
sound error: SOUND_ERROR_FREQ
sound error: SOUND_ERROR_FREQ
sound error: SOUND_ERROR_FREQ
sound error: SOUND_ERROR_FREQ
sound error: SOUND_ERROR_FREQ
sound error: SOUND_ERROR_FREQ
sound error: SOUND_ERROR_FREQ
sound error: SOUND_ERROR_FREQ
sound error: SOUND_ERROR_FREQ
sound error: SOUND_ERROR_FREQ
sound error: SOUND_ERROR_FREQ
sound error: SOUND_ERROR_FREQ
sound error: SOUND_ERROR_FREQ
sound error: SOUND_ERROR_FREQ
sound error: SOUND_ERROR_FREQ
sound error: SOUND_ERROR_FREQ
sound error: SOUND_ERROR_FREQ
sound error: SOUND_ERROR_FREQ
sound error: SOUND_ERROR_FREQ
sound error: SOUND_ERROR_FREQ
sound error: SOUND_ERROR_FREQ
sound error: SOUND_ERROR_FREQ
sound error: SOUND_ERROR_FREQ
sound error: SOUND_ERROR_FREQ
sound error: SOUND_ERROR_FREQ
sound error: SOUND_ERROR_FREQ
sound error: SOUND_ERROR_FREQ
sound error: SOUND_ERROR_FREQ
sound error: SOUND_ERROR_FREQ
sound error: SOUND_ERROR_FREQ
sound error: SOUND_ERROR_FREQ
sound error: SOUND_ERROR_FREQ
sound error: SOUND_ERROR_FREQ
sound error: SOUND_ERROR_FREQ
sound error: SOUND_ERROR_FREQ
sound error: SOUND_ERROR_FREQ
sound error: SOUND_ERROR_FREQ
sound error: SOUND_ERROR_FREQ
sound error: SOUND_ERROR_FREQ
sound error: SOUND_ERROR_FREQ
sound error: SOUND_ERROR_FREQ
sound error: SOUND_ERROR_FREQ
sound error: SOUND_ERROR_FREQ
sound error: SOUND_ERROR_FREQ
sound error: SOUND_ERROR_FREQ
sound error: SOUND_ERROR_FREQ
sound error: SOUND_ERROR_FREQ
sound error: SOUND_ERROR_FREQ
sound error: SOUND_ERROR_FREQ
sound error: SOUND_ERROR_FREQ
sound error: SOUND_ERROR_FREQ
sound error: SOUND_ERROR_FREQ
sound error: SOUND_ERROR_FREQ
sound error: SOUND_ERROR_FREQ
sound error: SOUND_ERROR_FREQ
sound error: SOUND_ERROR_FREQ
sound error: SOUND_ERROR_FREQ
sound error: SOUND_ERROR_FREQ
sound error: SOUND_ERROR_FREQ
sound error: SOUND_ERROR_FREQ
sound error: SOUND_ERROR_FREQ
sound error: SOUND_ERROR_FREQ
sound error: SOUND_ERROR_FREQ
sound error: SOUND_ERROR_FREQ
sound error: SOUND_ERROR_FREQ
sound error: SOUND_ERROR_FREQ
sound error: SOUND_ERROR_FREQ
sound error: SOUND_ERROR_FREQ
sound error: SOUND_ERROR_FREQ
sound error: SOUND_ERROR_FREQ
sound error: SOUND_ERROR_FREQ
sound error: SOUND_ERROR_FREQ
sound error: SOUND_ERROR_FREQ
sound error: SOUND_ERROR_FREQ
sound error: SOUND_ERROR_FREQ
sound error: SOUND_ERROR_FREQ
sound error: SOUND_ERROR_FREQ
sound error: SOUND_ERROR_FREQ
sound error: SOUND_ERROR_FREQ
sound error: SOUND_ERROR_FREQ
sound error: SOUND_ERROR_FREQ
sound error: SOUND_ERROR_FREQ
sound error: SOUND_ERROR_FREQ
sound error: SOUND_ERROR_FREQ
sound error: SOUND_ERROR_FREQ
sound error: SOUND_ERROR_FREQ
sound error: SOUND_ERROR_FREQ
sound error: SOUND_ERROR_FREQ
sound error: SOUND_ERROR_FREQ
sound error: SOUND_ERROR_FREQ
sound error: SOUND_ERROR_FREQ
sound error: SOUND_ERROR_FREQ
sound error: SOUND_ERROR_FREQ
sound error: SOUND_ERROR_FREQ
sound error: SOUND_ERROR_FREQ
sound error: SOUND_ERROR_FREQ
sound error: SOUND_ERROR_FREQ
sound error: SOUND_ERROR_FREQ
sound error: SOUND_ERROR_FREQ
sound error: SOUND_ERROR_FREQ
sound error: SOUND_ERROR_FREQ
sound error: SOUND_ERROR_FREQ
sound error: SOUND_ERROR_FREQ
sound error: SOUND_ERROR_FREQ
sound error: SOUND_ERROR_FREQ
sound error: SOUND_ERROR_FREQ
sound error: SOUND_ERROR_FREQ
sound error: SOUND_ERROR_FREQ
sound error: SOUND_ERROR_FREQ
sound error: SOUND_ERROR_FREQ
sound error: SOUND_ERROR_FREQ
sound error: SOUND_ERROR_FREQ
sound error: SOUND_ERROR_FREQ
sound error: SOUND_ERROR_FREQ
sound error: SOUND_ERROR_FREQ
sound error: SOUND_ERROR_FREQ
sound error: SOUND_ERROR_FREQ
sound error: SOUND_ERROR_FREQ
sound error: SOUND_ERROR_FREQ
sound error: SOUND_ERROR_FREQ
sound error: SOUND_ERROR_FREQ
sound error: SOUND_ERROR_FREQ
sound error: SOUND_ERROR_FREQ
sound error: SOUND_ERROR_FREQ
sound error: SOUND_ERROR_FREQ
sound error: SOUND_ERROR_FREQ
sound error: SOUND_ERROR_FREQ
sound error: SOUND_ERROR_FREQ
sound error: SOUND_ERROR_FREQ
sound error: SOUND_ERROR_FREQ
sound error: SOUND_ERROR_FREQ
sound error: SOUND_ERROR_FREQ
sound error: SOUND_ERROR_FREQ
sound error: SOUND_ERROR_FREQ
sound error: SOUND_ERROR_FREQ
sound error: SOUND_ERROR_FREQ
sound error: SOUND_ERROR_VOL
sound error: SOUND_ERROR_FREQ
sound error: SOUND_ERROR_FREQ
sound error: SOUND_ERROR_FREQ
sound error: SOUND_ERROR_FREQ
sound error: SOUND_ERROR_FREQ
sound error: SOUND_ERROR_FREQ
sound error: SOUND_ERROR_FREQ
sound error: SOUND_ERROR_FREQ
sound error: SOUND_ERROR_FREQ
sound error: SOUND_ERROR_FREQ
sound error: SOUND_ERROR_FREQ
sound error: SOUND_ERROR_FREQ
sound error: SOUND_ERROR_FREQ
sound error: SOUND_ERROR_FREQ
sound error: SOUND_ERROR_FREQ
sound error: SOUND_ERROR_FREQ
sound error: SOUND_ERROR_FREQ
sound error: SOUND_ERROR_FREQ
sound error: SOUND_ERROR_FREQ
sound error: SOUND_ERROR_FREQ
sound error: SOUND_ERROR_FREQ
sound error: SOUND_ERROR_FREQ
sound error: SOUND_ERROR_FREQ
sound error: SOUND_ERROR_FREQ
sound error: SOUND_ERROR_FREQ
sound error: SOUND_ERROR_FREQ
sound error: SOUND_ERROR_FREQ
sound error: SOUND_ERROR_FREQ
sound error: SOUND_ERROR_FREQ
sound error: SOUND_ERROR_FREQ
sound error: SOUND_ERROR_FREQ
sound error: SOUND_ERROR_FREQ
sound error: SOUND_ERROR_FREQ
sound error: SOUND_ERROR_FREQ
sound error: SOUND_ERROR_FREQ
sound error: SOUND_ERROR_FREQ
sound error: SOUND_ERROR_FREQ
sound error: SOUND_ERROR_FREQ
sound error: SOUND_ERROR_FREQ
sound error: SOUND_ERROR_FREQ
sound error: SOUND_ERROR_FREQ
sound error: SOUND_ERROR_FREQ
sound error: SOUND_ERROR_FREQ
sound error: SOUND_ERROR_FREQ
sound error: SOUND_ERROR_FREQ
sound error: SOUND_ERROR_FREQ
sound error: SOUND_ERROR_FREQ
sound error: SOUND_ERROR_FREQ
sound error: SOUND_ERROR_FREQ
sound error: SOUND_ERROR_FREQ
sound error: SOUND_ERROR_FREQ
sound error: SOUND_ERROR_FREQ
sound error: SOUND_ERROR_FREQ
sound error: SOUND_ERROR_FREQ
sound error: SOUND_ERROR_FREQ
sound error: SOUND_ERROR_FREQ
sound error: SOUND_ERROR_FREQ
sound error: SOUND_ERROR_FREQ
sound error: SOUND_ERROR_FREQ
sound error: SOUND_ERROR_FREQ
sound error: SOUND_ERROR_VOL
sound error: SOUND_ERROR_FREQ
sound error: SOUND_ERROR_FREQ
sound error: SOUND_ERROR_FREQ
sound error: SOUND_ERROR_FREQ
sound error: SOUND_ERROR_FREQ
sound error: SOUND_ERROR_FREQ
sound error: SOUND_ERROR_FREQ
sound error: SOUND_ERROR_FREQ
sound error: SOUND_ERROR_FREQ
sound error: SOUND_ERROR_FREQ
sound error: SOUND_ERROR_FREQ
sound error: SOUND_ERROR_FREQ
sound error: SOUND_ERROR_FREQ
sound error: SOUND_ERROR_FREQ
sound error: SOUND_ERROR_FREQ
sound error: SOUND_ERROR_FREQ
sound error: SOUND_ERROR_FREQ
sound error: SOUND_ERROR_FREQ
sound error: SOUND_ERROR_FREQ
sound error: SOUND_ERROR_FREQ
sound error: SOUND_ERROR_FREQ
sound error: SOUND_ERROR_FREQ
sound error: SOUND_ERROR_FREQ
sound error: SOUND_ERROR_FREQ
sound error: SOUND_ERROR_FREQ
sound error: SOUND_ERROR_FREQ
sound error: SOUND_ERROR_FREQ
sound error: SOUND_ERROR_FREQ
sound error: SOUND_ERROR_FREQ
sound error: SOUND_ERROR_FREQ
sound error: SOUND_ERROR_FREQ
sound error: SOUND_ERROR_FREQ
sound error: SOUND_ERROR_FREQ
sound error: SOUND_ERROR_FREQ
sound error: SOUND_ERROR_FREQ
sound error: SOUND_ERROR_FREQ
sound error: SOUND_ERROR_FREQ
sound error: SOUND_ERROR_FREQ
sound error: SOUND_ERROR_FREQ
sound error: SOUND_ERROR_FREQ
sound error: SOUND_ERROR_FREQ
sound error: SOUND_ERROR_FREQ
sound error: SOUND_ERROR_FREQ
sound error: SOUND_ERROR_FREQ
sound error: SOUND_ERROR_FREQ
sound error: SOUND_ERROR_FREQ
sound error: SOUND_ERROR_FREQ
sound error: SOUND_ERROR_FREQ
sound error: SOUND_ERROR_FREQ
sound error: SOUND_ERROR_FREQ
sound error: SOUND_ERROR_FREQ
sound error: SOUND_ERROR_FREQ
sound error: SOUND_ERROR_FREQ
sound error: SOUND_ERROR_FREQ
sound error: SOUND_ERROR_FREQ
sound error: SOUND_ERROR_FREQ
sound error: SOUND_ERROR_FREQ
sound error: SOUND_ERROR_FREQ
sound error: SOUND_ERROR_FREQ
sound error: SOUND_ERROR_FREQ
sound error: SOUND_ERROR_FREQ
sound error: SOUND_ERROR_FREQ
sound error: SOUND_ERROR_FREQ
sound error: SOUND_ERROR_FREQ
sound error: SOUND_ERROR_FREQ
sound error: SOUND_ERROR_FREQ
sound error: SOUND_ERROR_FREQ
sound error: SOUND_ERROR_FREQ
sound error: SOUND_ERROR_FREQ
sound error: SOUND_ERROR_FREQ
sound error: SOUND_ERROR_FREQ
sound error: SOUND_ERROR_FREQ
sound error: SOUND_ERROR_FREQ
sound error: SOUND_ERROR_FREQ
sound error: SOUND_ERROR_FREQ
sound error: SOUND_ERROR_FREQ
sound error: SOUND_ERROR_FREQ
sound error: SOUND_ERROR_FREQ
sound error: SOUND_ERROR_FREQ
sound error: SOUND_ERROR_FREQ
sound error: SOUND_ERROR_FREQ
sound error: SOUND_ERROR_FREQ
sound error: SOUND_ERROR_FREQ
sound error: SOUND_ERROR_FREQ
sound error: SOUND_ERROR_FREQ
sound error: SOUND_ERROR_FREQ
sound error: SOUND_ERROR_FREQ
sound error: SOUND_ERROR_FREQ
sound error: SOUND_ERROR_FREQ
sound error: SOUND_ERROR_FREQ
sound error: SOUND_ERROR_FREQ
sound error: SOUND_ERROR_FREQ
sound error: SOUND_ERROR_FREQ
sound error: SOUND_ERROR_FREQ
sound error: SOUND_ERROR_FREQ
sound error: SOUND_ERROR_FREQ
sound error: SOUND_ERROR_FREQ
sound error: SOUND_ERROR_FREQ
sound error: SOUND_ERROR_FREQ
sound error: SOUND_ERROR_FREQ
sound error: SOUND_ERROR_FREQ
sound error: SOUND_ERROR_FREQ
sound error: SOUND_ERROR_FREQ
sound error: SOUND_ERROR_FREQ
sound error: SOUND_ERROR_FREQ
sound error: SOUND_ERROR_FREQ
sound error: SOUND_ERROR_FREQ
sound error: SOUND_ERROR_FREQ
sound error: SOUND_ERROR_FREQ
sound error: SOUND_ERROR_FREQ
sound error: SOUND_ERROR_FREQ
sound error: SOUND_ERROR_FREQ
sound error: SOUND_ERROR_FREQ
sound error: SOUND_ERROR_FREQ
sound error: SOUND_ERROR_VOL
sound error: SOUND_ERROR_FREQ
sound error: SOUND_ERROR_FREQ
sound error: SOUND_ERROR_FREQ
sound error: SOUND_ERROR_FREQ
sound error: SOUND_ERROR_FREQ
sound error: SOUND_ERROR_FREQ
sound error: SOUND_ERROR_FREQ
sound error: SOUND_ERROR_FREQ
sound error: SOUND_ERROR_FREQ
sound error: SOUND_ERROR_FREQ
sound error: SOUND_ERROR_FREQ
sound error: SOUND_ERROR_FREQ
sound error: SOUND_ERROR_FREQ
sound error: SOUND_ERROR_FREQ
sound error: SOUND_ERROR_FREQ
sound error: SOUND_ERROR_FREQ
sound error: SOUND_ERROR_FREQ
sound error: SOUND_ERROR_FREQ
sound error: SOUND_ERROR_FREQ
sound error: SOUND_ERROR_FREQ
sound error: SOUND_ERROR_FREQ
sound error: SOUND_ERROR_FREQ
sound error: SOUND_ERROR_FREQ
sound error: SOUND_ERROR_FREQ
sound error: SOUND_ERROR_FREQ
sound error: SOUND_ERROR_FREQ
sound error: SOUND_ERROR_FREQ
sound error: SOUND_ERROR_VOL
sound error: SOUND_ERROR_FREQ
sound error: SOUND_ERROR_FREQ
sound error: SOUND_ERROR_FREQ
sound error: SOUND_ERROR_FREQ
sound error: SOUND_ERROR_FREQ
sound error: SOUND_ERROR_FREQ
sound error: SOUND_ERROR_FREQ
sound error: SOUND_ERROR_FREQ
sound error: SOUND_ERROR_FREQ
sound error: SOUND_ERROR_FREQ
sound error: SOUND_ERROR_FREQ
sound error: SOUND_ERROR_FREQ
sound error: SOUND_ERROR_FREQ
sound error: SOUND_ERROR_FREQ
sound error: SOUND_ERROR_FREQ
sound error: SOUND_ERROR_FREQ
sound error: SOUND_ERROR_FREQ
sound error: SOUND_ERROR_FREQ
sound error: SOUND_ERROR_FREQ
sound error: SOUND_ERROR_FREQ
sound error: SOUND_ERROR_FREQ
sound error: SOUND_ERROR_FREQ
sound error: SOUND_ERROR_FREQ
sound error: SOUND_ERROR_FREQ
sound error: SOUND_ERROR_FREQ
sound error: SOUND_ERROR_FREQ
sound error: SOUND_ERROR_FREQ
sound error: SOUND_ERROR_FREQ
sound error: SOUND_ERROR_FREQ
sound error: SOUND_ERROR_FREQ
sound error: SOUND_ERROR_FREQ
sound error: SOUND_ERROR_FREQ
sound error: SOUND_ERROR_FREQ
sound error: SOUND_ERROR_FREQ
sound error: SOUND_ERROR_FREQ
sound error: SOUND_ERROR_FREQ
sound error: SOUND_ERROR_FREQ
sound error: SOUND_ERROR_FREQ
sound error: SOUND_ERROR_FREQ
sound error: SOUND_ERROR_FREQ
sound error: SOUND_ERROR_FREQ
sound error: SOUND_ERROR_FREQ
sound error: SOUND_ERROR_FREQ
sound error: SOUND_ERROR_FREQ
sound error: SOUND_ERROR_FREQ
sound error: SOUND_ERROR_FREQ
sound error: SOUND_ERROR_FREQ
sound error: SOUND_ERROR_FREQ
sound error: SOUND_ERROR_FREQ
sound error: SOUND_ERROR_FREQ
sound error: SOUND_ERROR_FREQ
sound error: SOUND_ERROR_FREQ
sound error: SOUND_ERROR_FREQ
sound error: SOUND_ERROR_FREQ
sound error: SOUND_ERROR_FREQ
sound error: SOUND_ERROR_FREQ
sound error: SOUND_ERROR_FREQ
sound error: SOUND_ERROR_FREQ
sound error: SOUND_ERROR_FREQ
sound error: SOUND_ERROR_FREQ
sound error: SOUND_ERROR_FREQ
sound error: SOUND_ERROR_FREQ
sound error: SOUND_ERROR_FREQ
sound error: SOUND_ERROR_FREQ
sound error: SOUND_ERROR_FREQ
sound error: SOUND_ERROR_FREQ
sound error: SOUND_ERROR_FREQ
sound error: SOUND_ERROR_FREQ
sound error: SOUND_ERROR_FREQ
sound error: SOUND_ERROR_FREQ
sound error: SOUND_ERROR_FREQ
sound error: SOUND_ERROR_FREQ
sound error: SOUND_ERROR_FREQ
sound error: SOUND_ERROR_FREQ
sound error: SOUND_ERROR_FREQ
sound error: SOUND_ERROR_FREQ
sound error: SOUND_ERROR_FREQ
sound error: SOUND_ERROR_FREQ
sound error: SOUND_ERROR_FREQ
sound error: SOUND_ERROR_FREQ
sound error: SOUND_ERROR_FREQ
sound error: SOUND_ERROR_FREQ
sound error: SOUND_ERROR_FREQ
sound error: SOUND_ERROR_FREQ
sound error: SOUND_ERROR_FREQ
sound error: SOUND_ERROR_FREQ
sound error: SOUND_ERROR_FREQ
sound error: SOUND_ERROR_FREQ
sound error: SOUND_ERROR_FREQ
sound error: SOUND_ERROR_FREQ
sound error: SOUND_ERROR_FREQ
sound error: SOUND_ERROR_FREQ
sound error: SOUND_ERROR_FREQ
sound error: SOUND_ERROR_FREQ
sound error: SOUND_ERROR_FREQ
sound error: SOUND_ERROR_FREQ
sound error: SOUND_ERROR_FREQ
sound error: SOUND_ERROR_FREQ
sound error: SOUND_ERROR_FREQ
sound error: SOUND_ERROR_FREQ
sound error: SOUND_ERROR_FREQ
sound error: SOUND_ERROR_FREQ
sound error: SOUND_ERROR_FREQ
sound error: SOUND_ERROR_FREQ
sound error: SOUND_ERROR_FREQ
sound error: SOUND_ERROR_FREQ
sound error: SOUND_ERROR_FREQ
sound error: SOUND_ERROR_FREQ
sound error: SOUND_ERROR_FREQ
sound error: SOUND_ERROR_FREQ
sound error: SOUND_ERROR_FREQ
sound error: SOUND_ERROR_FREQ
sound error: SOUND_ERROR_FREQ
sound error: SOUND_ERROR_FREQ
sound error: SOUND_ERROR_FREQ
sound error: SOUND_ERROR_FREQ
sound error: SOUND_ERROR_FREQ
sound error: SOUND_ERROR_FREQ
sound error: SOUND_ERROR_FREQ
sound error: SOUND_ERROR_FREQ
sound error: SOUND_ERROR_FREQ
sound error: SOUND_ERROR_FREQ
sound error: SOUND_ERROR_FREQ
sound error: SOUND_ERROR_FREQ
sound error: SOUND_ERROR_FREQ
sound error: SOUND_ERROR_FREQ
sound error: SOUND_ERROR_FREQ
sound error: SOUND_ERROR_FREQ
sound error: SOUND_ERROR_FREQ
sound error: SOUND_ERROR_FREQ
sound error: SOUND_ERROR_FREQ
sound error: SOUND_ERROR_FREQ
sound error: SOUND_ERROR_FREQ

Mission Debrief
Flight File: furball.flt
----------------------------------
Flight: 0
Aircraft type: F-86, pilot: Sports
Flight Interrupted
Damage to Aircraft
Total Damage: 116 of Maximum 210
----------------------------------
Flight: 1
Aircraft type: F-84, pilot: Stinky
Flight Interrupted
----------------------------------
Flight: 2
Aircraft type: MiG-15, pilot: Basher
Flight Interrupted
Damage to Aircraft
Total Damage: 76 of Maximum 270
----------------------------------
Flight: 3
Aircraft type: F-86, pilot: Morris
Flight Interrupted
----------------------------------
Flight: 4
Aircraft type: MiG-15, pilot: Kielbasa
Flight Interrupted
----------------------------------
Flight: 5
Aircraft type: F-86, pilot: Eleanor
Flight Interrupted
Damage to Aircraft
Total Damage: 40 of Maximum 210
----------------------------------
Flight: 6
Aircraft type: F-86, pilot: Karl
Flight Interrupted
Damage to Aircraft
Total Damage: 76 of Maximum 210
----------------------------------
Flight: 7
Aircraft type: F-84, pilot: David
Flight Interrupted
----------------------------------
Flight: 8
Aircraft type: F-86, pilot: RGL
Flight Interrupted
----------------------------------
Flight: 9
Aircraft type: F-86, pilot: MommaMia
Flight Interrupted
Damage to Aircraft
Total Damage: 204 of Maximum 210
----------------------------------
Flight: 10
Aircraft type: F-86, pilot: Bonani
Flight Interrupted
----------------------------------
Flight: 11
Aircraft type: F-84, pilot: Boxer
Flight Interrupted
----------------------------------
Flight: 12
Aircraft type: F-51, pilot: Silks
Flight Interrupted
----------------------------------
Flight: 13
Aircraft type: F-51, pilot: Izzy
Flight Interrupted
----------------------------------
Flight: 14
Aircraft type: MiG-15, pilot: Stinger
Flight Interrupted
----------------------------------
Flight: 15
Aircraft type: MiG-15, pilot: Bonkers
Flight Interrupted
Damage to Aircraft
Total Damage: 38 of Maximum 270
----------------------------------
Flight: 16
Aircraft type: MiG-15, pilot: Apache
Flight Interrupted
----------------------------------
Flight: 17
Aircraft type: Yak-9, pilot: Archer
Flight Interrupted
----------------------------------
Flight: 18
Aircraft type: MiG-15, pilot: Mayhem
Flight Interrupted
----------------------------------
Flight: 19
Aircraft type: MiG-15, pilot: Red
Flight Interrupted
----------------------------------
Flight: 20
Aircraft type: MiG-15, pilot: Zygot
Flight Interrupted
----------------------------------
Flight: 21
Aircraft type: Yak-9, pilot: Boris
Flight Interrupted
Damage to Aircraft
Total Damage: 190 of Maximum 240
----------------------------------
Flight: 22
Aircraft type: Yak-9, pilot: Jing
Flight Interrupted
----------------------------------
Flight: 23
Aircraft type: Yak-9, pilot: Wacko
Flight Interrupted
exiting app
